This is pdfTeX, Version 3.14159265-2.6-1.40.15 (TeX Live 2015/dev/Debian) (preloaded format=pdflatex 2017.3.9)  17 JUL 2017 12:24
entering extended mode
 restricted \write18 enabled.
 %&-line parsing enabled.
**17_07_03.tex
(./17_07_03.tex
LaTeX2e <2014/05/01>
Babel <3.9l> and hyphenation patterns for 29 languages loaded.
(/usr/share/texlive/texmf-dist/tex/latex/base/report.cls
Document Class: report 2014/09/29 v1.4h Standard LaTeX document class
(/usr/share/texlive/texmf-dist/tex/latex/base/size10.clo
File: size10.clo 2014/09/29 v1.4h Standard LaTeX file (size option)
)
\c@part=\count79
\c@chapter=\count80
\c@section=\count81
\c@subsection=\count82
\c@subsubsection=\count83
\c@paragraph=\count84
\c@subparagraph=\count85
\c@figure=\count86
\c@table=\count87
\abovecaptionskip=\skip41
\belowcaptionskip=\skip42
\bibindent=\dimen102
)
(/usr/share/texlive/texmf-dist/tex/latex/base/inputenc.sty
Package: inputenc 2014/04/30 v1.2b Input encoding file
\inpenc@prehook=\toks14
\inpenc@posthook=\toks15

(/usr/share/texlive/texmf-dist/tex/latex/ucs/utf8x.def
File: utf8x.def 2004/10/17 UCS: Input encoding UTF-8
))
(/usr/share/texlive/texmf-dist/tex/latex/ucs/ucs.sty
Package: ucs 2013/05/11 v2.2 UCS: Unicode input support

(/usr/share/texlive/texmf-dist/tex/latex/ucs/data/uni-global.def
File: uni-global.def 2013/05/13 UCS: Unicode global data
)
\uc@secondtry=\count88
\uc@combtoks=\toks16
\uc@combtoksb=\toks17
\uc@temptokena=\toks18
)
(/usr/share/texlive/texmf-dist/tex/latex/amsmath/amsmath.sty
Package: amsmath 2013/01/14 v2.14 AMS math features
\@mathmargin=\skip43

For additional information on amsmath, use the `?' option.
(/usr/share/texlive/texmf-dist/tex/latex/amsmath/amstext.sty
Package: amstext 2000/06/29 v2.01

(/usr/share/texlive/texmf-dist/tex/latex/amsmath/amsgen.sty
File: amsgen.sty 1999/11/30 v2.0
\@emptytoks=\toks19
\ex@=\dimen103
))
(/usr/share/texlive/texmf-dist/tex/latex/amsmath/amsbsy.sty
Package: amsbsy 1999/11/29 v1.2d
\pmbraise@=\dimen104
)
(/usr/share/texlive/texmf-dist/tex/latex/amsmath/amsopn.sty
Package: amsopn 1999/12/14 v2.01 operator names
)
\inf@bad=\count89
LaTeX Info: Redefining \frac on input line 210.
\uproot@=\count90
\leftroot@=\count91
LaTeX Info: Redefining \overline on input line 306.
\classnum@=\count92
\DOTSCASE@=\count93
LaTeX Info: Redefining \ldots on input line 378.
LaTeX Info: Redefining \dots on input line 381.
LaTeX Info: Redefining \cdots on input line 466.
\Mathstrutbox@=\box26
\strutbox@=\box27
\big@size=\dimen105
LaTeX Font Info:    Redeclaring font encoding OML on input line 566.
LaTeX Font Info:    Redeclaring font encoding OMS on input line 567.
\macc@depth=\count94
\c@MaxMatrixCols=\count95
\dotsspace@=\muskip10
\c@parentequation=\count96
\dspbrk@lvl=\count97
\tag@help=\toks20
\row@=\count98
\column@=\count99
\maxfields@=\count100
\andhelp@=\toks21
\eqnshift@=\dimen106
\alignsep@=\dimen107
\tagshift@=\dimen108
\tagwidth@=\dimen109
\totwidth@=\dimen110
\lineht@=\dimen111
\@envbody=\toks22
\multlinegap=\skip44
\multlinetaggap=\skip45
\mathdisplay@stack=\toks23
LaTeX Info: Redefining \[ on input line 2665.
LaTeX Info: Redefining \] on input line 2666.
)
(/usr/share/texlive/texmf-dist/tex/latex/amsfonts/amsfonts.sty
Package: amsfonts 2013/01/14 v3.01 Basic AMSFonts support
\symAMSa=\mathgroup4
\symAMSb=\mathgroup5
LaTeX Font Info:    Overwriting math alphabet `\mathfrak' in version `bold'
(Font)                  U/euf/m/n --> U/euf/b/n on input line 106.
)
(/usr/share/texlive/texmf-dist/tex/latex/natbib/natbib.sty
Package: natbib 2010/09/13 8.31b (PWD, AO)
\bibhang=\skip46
\bibsep=\skip47
LaTeX Info: Redefining \cite on input line 694.
\c@NAT@ctr=\count101
)
(/usr/share/texlive/texmf-dist/tex/latex/graphics/graphicx.sty
Package: graphicx 2014/04/25 v1.0g Enhanced LaTeX Graphics (DPC,SPQR)

(/usr/share/texlive/texmf-dist/tex/latex/graphics/keyval.sty
Package: keyval 2014/05/08 v1.15 key=value parser (DPC)
\KV@toks@=\toks24
)
(/usr/share/texlive/texmf-dist/tex/latex/graphics/graphics.sty
Package: graphics 2009/02/05 v1.0o Standard LaTeX Graphics (DPC,SPQR)

(/usr/share/texlive/texmf-dist/tex/latex/graphics/trig.sty
Package: trig 1999/03/16 v1.09 sin cos tan (DPC)
)
(/usr/share/texlive/texmf-dist/tex/latex/latexconfig/graphics.cfg
File: graphics.cfg 2010/04/23 v1.9 graphics configuration of TeX Live
)
Package graphics Info: Driver file: pdftex.def on input line 91.

(/usr/share/texlive/texmf-dist/tex/latex/pdftex-def/pdftex.def
File: pdftex.def 2011/05/27 v0.06d Graphics/color for pdfTeX

(/usr/share/texlive/texmf-dist/tex/generic/oberdiek/infwarerr.sty
Package: infwarerr 2010/04/08 v1.3 Providing info/warning/error messages (HO)
)
(/usr/share/texlive/texmf-dist/tex/generic/oberdiek/ltxcmds.sty
Package: ltxcmds 2011/11/09 v1.22 LaTeX kernel commands for general use (HO)
)
\Gread@gobject=\count102
))
\Gin@req@height=\dimen112
\Gin@req@width=\dimen113
)
(/usr/share/texlive/texmf-dist/tex/latex/adjustbox/adjustbox.sty
Package: adjustbox 2012/05/21 v1.0 Adjusting TeX boxes (trim, clip, ...)

(/usr/share/texlive/texmf-dist/tex/latex/xkeyval/xkeyval.sty
Package: xkeyval 2014/05/25 v2.7 package option processing (HA)

(/usr/share/texlive/texmf-dist/tex/generic/xkeyval/xkeyval.tex
(/usr/share/texlive/texmf-dist/tex/generic/xkeyval/xkvutils.tex
\XKV@toks=\toks25
\XKV@tempa@toks=\toks26
)
\XKV@depth=\count103
File: xkeyval.tex 2014/05/25 v2.7 key=value parser (HA)
))
(/usr/share/texlive/texmf-dist/tex/latex/adjustbox/adjcalc.sty
Package: adjcalc 2012/05/16 v1.1 Provides advanced setlength with multiple back
-ends (calc, etex, pgfmath)
)
(/usr/share/texlive/texmf-dist/tex/latex/adjustbox/trimclip.sty
Package: trimclip 2012/05/16 v1.0 Trim and clip general TeX material

(/usr/share/texlive/texmf-dist/tex/latex/collectbox/collectbox.sty
Package: collectbox 2012/05/17 v0.4b Collect macro arguments as boxes
\collectedbox=\box28
)
\tc@llx=\dimen114
\tc@lly=\dimen115
\tc@urx=\dimen116
\tc@ury=\dimen117
Package trimclip Info: Using driver 'tc-pdftex.def'.

(/usr/share/texlive/texmf-dist/tex/latex/adjustbox/tc-pdftex.def
File: tc-pdftex.def 2012/05/13 v1.0 Clipping driver for pdftex
))
\adjbox@Width=\dimen118
\adjbox@Height=\dimen119
\adjbox@Depth=\dimen120
\adjbox@Totalheight=\dimen121

(/usr/share/texlive/texmf-dist/tex/latex/ifoddpage/ifoddpage.sty
Package: ifoddpage 2011/09/13 v1.0 Conditionals for odd/even page detection
\c@checkoddpage=\count104
)
(/usr/share/texlive/texmf-dist/tex/latex/varwidth/varwidth.sty
Package: varwidth 2009/03/30 ver 0.92;  Variable-width minipages
\@vwid@box=\box29
\sift@deathcycles=\count105
\@vwid@loff=\dimen122
\@vwid@roff=\dimen123
))
(/usr/share/texlive/texmf-dist/tex/latex/float/float.sty
Package: float 2001/11/08 v1.3d Float enhancements (AL)
\c@float@type=\count106
\float@exts=\toks27
\float@box=\box30
\@float@everytoks=\toks28
\@floatcapt=\box31
)
(/usr/share/texlive/texmf-dist/tex/latex/amsfonts/amssymb.sty
Package: amssymb 2013/01/14 v3.01 AMS font symbols
) (./17_07_03.aux

LaTeX Warning: Label `fig:Convho' multiply defined.


LaTeX Warning: Label `fig:Convho' multiply defined.


LaTeX Warning: Label `fig:Convho' multiply defined.


LaTeX Warning: Label `fig:Convho' multiply defined.


LaTeX Warning: Label `fig:Convho' multiply defined.


LaTeX Warning: Label `fig:Convho' multiply defined.


LaTeX Warning: Label `fig:Convho' multiply defined.


LaTeX Warning: Label `fig:Convho' multiply defined.


LaTeX Warning: Label `table:fluid' multiply defined.


LaTeX Warning: Label `table:litertot2' multiply defined.


LaTeX Warning: Label `fig:Convho' multiply defined.


LaTeX Warning: Label `fig:Convho' multiply defined.


LaTeX Warning: Label `fig:Convho' multiply defined.


LaTeX Warning: Label `fig:Convho' multiply defined.


LaTeX Warning: Label `fig:Convho' multiply defined.


LaTeX Warning: Label `fig:Convho' multiply defined.

)
\openout1 = `17_07_03.aux'.

LaTeX Font Info:    Checking defaults for OML/cmm/m/it on input line 16.
LaTeX Font Info:    ... okay on input line 16.
LaTeX Font Info:    Checking defaults for T1/cmr/m/n on input line 16.
LaTeX Font Info:    ... okay on input line 16.
LaTeX Font Info:    Checking defaults for OT1/cmr/m/n on input line 16.
LaTeX Font Info:    ... okay on input line 16.
LaTeX Font Info:    Checking defaults for OMS/cmsy/m/n on input line 16.
LaTeX Font Info:    ... okay on input line 16.
LaTeX Font Info:    Checking defaults for OMX/cmex/m/n on input line 16.
LaTeX Font Info:    ... okay on input line 16.
LaTeX Font Info:    Checking defaults for U/cmr/m/n on input line 16.
LaTeX Font Info:    ... okay on input line 16.
 (/usr/share/texlive/texmf-dist/tex/latex/ucs/ucsencs.def
File: ucsencs.def 2011/01/21 Fixes to fontencodings LGR, T3
)
(/usr/share/texlive/texmf-dist/tex/context/base/supp-pdf.mkii
[Loading MPS to PDF converter (version 2006.09.02).]
\scratchcounter=\count107
\scratchdimen=\dimen124
\scratchbox=\box32
\nofMPsegments=\count108
\nofMParguments=\count109
\everyMPshowfont=\toks29
\MPscratchCnt=\count110
\MPscratchDim=\dimen125
\MPnumerator=\count111
\makeMPintoPDFobject=\count112
\everyMPtoPDFconversion=\toks30
) (/usr/share/texlive/texmf-dist/tex/generic/oberdiek/pdftexcmds.sty
Package: pdftexcmds 2011/11/29 v0.20 Utility functions of pdfTeX for LuaTeX (HO
)

(/usr/share/texlive/texmf-dist/tex/generic/oberdiek/ifluatex.sty
Package: ifluatex 2010/03/01 v1.3 Provides the ifluatex switch (HO)
Package ifluatex Info: LuaTeX not detected.
)
(/usr/share/texlive/texmf-dist/tex/generic/oberdiek/ifpdf.sty
Package: ifpdf 2011/01/30 v2.3 Provides the ifpdf switch (HO)
Package ifpdf Info: pdfTeX in PDF mode is detected.
)
Package pdftexcmds Info: LuaTeX not detected.
Package pdftexcmds Info: \pdf@primitive is available.
Package pdftexcmds Info: \pdf@ifprimitive is available.
Package pdftexcmds Info: \pdfdraftmode found.
)
(/usr/share/texlive/texmf-dist/tex/latex/oberdiek/epstopdf-base.sty
Package: epstopdf-base 2010/02/09 v2.5 Base part for package epstopdf

(/usr/share/texlive/texmf-dist/tex/latex/oberdiek/grfext.sty
Package: grfext 2010/08/19 v1.1 Manage graphics extensions (HO)

(/usr/share/texlive/texmf-dist/tex/generic/oberdiek/kvdefinekeys.sty
Package: kvdefinekeys 2011/04/07 v1.3 Define keys (HO)
))
(/usr/share/texlive/texmf-dist/tex/latex/oberdiek/kvoptions.sty
Package: kvoptions 2011/06/30 v3.11 Key value format for package options (HO)

(/usr/share/texlive/texmf-dist/tex/generic/oberdiek/kvsetkeys.sty
Package: kvsetkeys 2012/04/25 v1.16 Key value parser (HO)

(/usr/share/texlive/texmf-dist/tex/generic/oberdiek/etexcmds.sty
Package: etexcmds 2011/02/16 v1.5 Avoid name clashes with e-TeX commands (HO)
Package etexcmds Info: Could not find \expanded.
(etexcmds)             That can mean that you are not using pdfTeX 1.50 or
(etexcmds)             that some package has redefined \expanded.
(etexcmds)             In the latter case, load this package earlier.
)))
Package grfext Info: Graphics extension search list:
(grfext)             [.png,.pdf,.jpg,.mps,.jpeg,.jbig2,.jb2,.PNG,.PDF,.JPG,.JPE
G,.JBIG2,.JB2,.eps]
(grfext)             \AppendGraphicsExtensions on input line 452.

(/usr/share/texlive/texmf-dist/tex/latex/latexconfig/epstopdf-sys.cfg
File: epstopdf-sys.cfg 2010/07/13 v1.3 Configuration of (r)epstopdf for TeX Liv
e
))
LaTeX Font Info:    Try loading font information for U+msa on input line 296.

(/usr/share/texlive/texmf-dist/tex/latex/amsfonts/umsa.fd
File: umsa.fd 2013/01/14 v3.01 AMS symbols A
)
LaTeX Font Info:    Try loading font information for U+msb on input line 296.

(/usr/share/texlive/texmf-dist/tex/latex/amsfonts/umsb.fd
File: umsb.fd 2013/01/14 v3.01 AMS symbols B
)
</home/wagm/cortes/Localdisk/Results/17_06/two_phases/30/2w/10-11_35perm_0cp0/d
ef_0_pod_0/Permeability.jpg, id=1, 1204.5pt x 903.375pt>
File: /home/wagm/cortes/Localdisk/Results/17_06/two_phases/30/2w/10-11_35perm_0
cp0/def_0_pod_0/Permeability.jpg Graphic file (type jpg)

<use /home/wagm/cortes/Localdisk/Results/17_06/two_phases/30/2w/10-11_35perm_0c
p0/def_0_pod_0/Permeability.jpg>
Package pdftex.def Info: /home/wagm/cortes/Localdisk/Results/17_06/two_phases/3
0/2w/10-11_35perm_0cp0/def_0_pod_0/Permeability.jpg used on input line 352.
(pdftex.def)             Requested size: 170.70569pt x 128.02927pt.

</home/wagm/cortes/Localdisk/Results/17_06/two_phases/30/2w/10-11_35perm_0cp0/d
ef_0_pod_0/bhp.jpg, id=2, 1204.5pt x 903.375pt>
File: /home/wagm/cortes/Localdisk/Results/17_06/two_phases/30/2w/10-11_35perm_0
cp0/def_0_pod_0/bhp.jpg Graphic file (type jpg)

<use /home/wagm/cortes/Localdisk/Results/17_06/two_phases/30/2w/10-11_35perm_0c
p0/def_0_pod_0/bhp.jpg>
Package pdftex.def Info: /home/wagm/cortes/Localdisk/Results/17_06/two_phases/3
0/2w/10-11_35perm_0cp0/def_0_pod_0/bhp.jpg used on input line 360.
(pdftex.def)             Requested size: 170.70569pt x 128.02927pt.


LaTeX Warning: `!h' float specifier changed to `!ht'.


</home/wagm/cortes/Localdisk/Results/17_06/two_phases/30/2w/10-11_35perm_0cp0/d
ef_0_pod_0/Oil_rate.jpg, id=3, 1204.5pt x 903.375pt>
File: /home/wagm/cortes/Localdisk/Results/17_06/two_phases/30/2w/10-11_35perm_0
cp0/def_0_pod_0/Oil_rate.jpg Graphic file (type jpg)

<use /home/wagm/cortes/Localdisk/Results/17_06/two_phases/30/2w/10-11_35perm_0c
p0/def_0_pod_0/Oil_rate.jpg>
Package pdftex.def Info: /home/wagm/cortes/Localdisk/Results/17_06/two_phases/3
0/2w/10-11_35perm_0cp0/def_0_pod_0/Oil_rate.jpg used on input line 371.
(pdftex.def)             Requested size: 170.70569pt x 128.02927pt.

</home/wagm/cortes/Localdisk/Results/17_06/two_phases/30/2w/10-11_35perm_0cp0/d
ef_0_pod_0/Water_rate.jpg, id=4, 1204.5pt x 903.375pt>
File: /home/wagm/cortes/Localdisk/Results/17_06/two_phases/30/2w/10-11_35perm_0
cp0/def_0_pod_0/Water_rate.jpg Graphic file (type jpg)

<use /home/wagm/cortes/Localdisk/Results/17_06/two_phases/30/2w/10-11_35perm_0c
p0/def_0_pod_0/Water_rate.jpg>
Package pdftex.def Info: /home/wagm/cortes/Localdisk/Results/17_06/two_phases/3
0/2w/10-11_35perm_0cp0/def_0_pod_0/Water_rate.jpg used on input line 379.
(pdftex.def)             Requested size: 170.70569pt x 128.02927pt.


LaTeX Warning: `!h' float specifier changed to `!ht'.


</home/wagm/cortes/Localdisk/Results/17_06/two_phases/30/2w/10-11_35perm_0cp0/d
ef_0_pod_0/Water_saturation.jpg, id=5, 1204.5pt x 903.375pt>
File: /home/wagm/cortes/Localdisk/Results/17_06/two_phases/30/2w/10-11_35perm_0
cp0/def_0_pod_0/Water_saturation.jpg Graphic file (type jpg)

<use /home/wagm/cortes/Localdisk/Results/17_06/two_phases/30/2w/10-11_35perm_0c
p0/def_0_pod_0/Water_saturation.jpg>
Package pdftex.def Info: /home/wagm/cortes/Localdisk/Results/17_06/two_phases/3
0/2w/10-11_35perm_0cp0/def_0_pod_0/Water_saturation.jpg used on input line 391.

(pdftex.def)             Requested size: 227.60759pt x 170.70569pt.

Overfull \hbox (55.10759pt too wide) in paragraph at lines 391--392
 [][] 
 []


</home/wagm/cortes/Localdisk/Results/17_06/two_phases/30/2w/10-11_35perm_0cp0/d
ef_0_pod_0/Pressure.jpg, id=6, 1204.5pt x 903.375pt>
File: /home/wagm/cortes/Localdisk/Results/17_06/two_phases/30/2w/10-11_35perm_0
cp0/def_0_pod_0/Pressure.jpg Graphic file (type jpg)

<use /home/wagm/cortes/Localdisk/Results/17_06/two_phases/30/2w/10-11_35perm_0c
p0/def_0_pod_0/Pressure.jpg>
Package pdftex.def Info: /home/wagm/cortes/Localdisk/Results/17_06/two_phases/3
0/2w/10-11_35perm_0cp0/def_0_pod_0/Pressure.jpg used on input line 399.
(pdftex.def)             Requested size: 227.60759pt x 170.70569pt.

Overfull \hbox (55.10759pt too wide) in paragraph at lines 399--400
 [][] 
 []


LaTeX Warning: `!h' float specifier changed to `!ht'.

[1


{/var/lib/texmf/fonts/map/pdftex/updmap/pdftex.map}]
</home/wagm/cortes/Localdisk/Results/17_06/two_phases/30/2w/10-11_35perm_3cp0/d
ef_0_pod_0/bhp.jpg, id=19, 1204.5pt x 903.375pt>
File: /home/wagm/cortes/Localdisk/Results/17_06/two_phases/30/2w/10-11_35perm_3
cp0/def_0_pod_0/bhp.jpg Graphic file (type jpg)

<use /home/wagm/cortes/Localdisk/Results/17_06/two_phases/30/2w/10-11_35perm_3c
p0/def_0_pod_0/bhp.jpg>
Package pdftex.def Info: /home/wagm/cortes/Localdisk/Results/17_06/two_phases/3
0/2w/10-11_35perm_3cp0/def_0_pod_0/bhp.jpg used on input line 412.
(pdftex.def)             Requested size: 170.70569pt x 128.02927pt.

</home/wagm/cortes/Localdisk/Results/17_06/two_phases/30/2w/10-11_35perm_1cp0/d
ef_0_pod_0/Water_rate.jpg, id=20, 1204.5pt x 903.375pt>
File: /home/wagm/cortes/Localdisk/Results/17_06/two_phases/30/2w/10-11_35perm_1
cp0/def_0_pod_0/Water_rate.jpg Graphic file (type jpg)

<use /home/wagm/cortes/Localdisk/Results/17_06/two_phases/30/2w/10-11_35perm_1c
p0/def_0_pod_0/Water_rate.jpg>
Package pdftex.def Info: /home/wagm/cortes/Localdisk/Results/17_06/two_phases/3
0/2w/10-11_35perm_1cp0/def_0_pod_0/Water_rate.jpg used on input line 419.
(pdftex.def)             Requested size: 170.70569pt x 128.02927pt.


LaTeX Warning: `!h' float specifier changed to `!ht'.


</home/wagm/cortes/Localdisk/Results/17_06/two_phases/30/2w/10-11_35perm_2cp0/d
ef_0_pod_0/Water_rate.jpg, id=21, 1204.5pt x 903.375pt>
File: /home/wagm/cortes/Localdisk/Results/17_06/two_phases/30/2w/10-11_35perm_2
cp0/def_0_pod_0/Water_rate.jpg Graphic file (type jpg)

<use /home/wagm/cortes/Localdisk/Results/17_06/two_phases/30/2w/10-11_35perm_2c
p0/def_0_pod_0/Water_rate.jpg>
Package pdftex.def Info: /home/wagm/cortes/Localdisk/Results/17_06/two_phases/3
0/2w/10-11_35perm_2cp0/def_0_pod_0/Water_rate.jpg used on input line 430.
(pdftex.def)             Requested size: 170.70569pt x 128.02927pt.

</home/wagm/cortes/Localdisk/Results/17_06/two_phases/30/2w/10-11_35perm_3cp0/d
ef_0_pod_0/Water_rate.jpg, id=22, 1204.5pt x 903.375pt>
File: /home/wagm/cortes/Localdisk/Results/17_06/two_phases/30/2w/10-11_35perm_3
cp0/def_0_pod_0/Water_rate.jpg Graphic file (type jpg)

<use /home/wagm/cortes/Localdisk/Results/17_06/two_phases/30/2w/10-11_35perm_3c
p0/def_0_pod_0/Water_rate.jpg>
Package pdftex.def Info: /home/wagm/cortes/Localdisk/Results/17_06/two_phases/3
0/2w/10-11_35perm_3cp0/def_0_pod_0/Water_rate.jpg used on input line 437.
(pdftex.def)             Requested size: 170.70569pt x 128.02927pt.


LaTeX Warning: `!h' float specifier changed to `!ht'.

[2 </home/wagm/cortes/Localdisk/Results/17_06/two_phases/30/2w/10-11_35perm_0cp
0/def_0_pod_0/Permeability.jpg> </home/wagm/cortes/Localdisk/Results/17_06/two_
phases/30/2w/10-11_35perm_0cp0/def_0_pod_0/bhp.jpg> </home/wagm/cortes/Localdis
k/Results/17_06/two_phases/30/2w/10-11_35perm_0cp0/def_0_pod_0/Oil_rate.jpg> </
home/wagm/cortes/Localdisk/Results/17_06/two_phases/30/2w/10-11_35perm_0cp0/def
_0_pod_0/Water_rate.jpg> </home/wagm/cortes/Localdisk/Results/17_06/two_phases/
30/2w/10-11_35perm_0cp0/def_0_pod_0/Water_saturation.jpg> </home/wagm/cortes/Lo
caldisk/Results/17_06/two_phases/30/2w/10-11_35perm_0cp0/def_0_pod_0/Pressure.j
pg>] [3 </home/wagm/cortes/Localdisk/Results/17_06/two_phases/30/2w/10-11_35per
m_3cp0/def_0_pod_0/bhp.jpg> </home/wagm/cortes/Localdisk/Results/17_06/two_phas
es/30/2w/10-11_35perm_1cp0/def_0_pod_0/Water_rate.jpg> </home/wagm/cortes/Local
disk/Results/17_06/two_phases/30/2w/10-11_35perm_2cp0/def_0_pod_0/Water_rate.jp
g> </home/wagm/cortes/Localdisk/Results/17_06/two_phases/30/2w/10-11_35perm_3cp
0/def_0_pod_0/Water_rate.jpg>]
</home/wagm/cortes/Localdisk/Results/17_06/two_phases/30/2w/rate/10-11_35perm_1
cp0/def_0_pod_0/Permeability.jpg, id=29, 1204.5pt x 903.375pt>
File: /home/wagm/cortes/Localdisk/Results/17_06/two_phases/30/2w/rate/10-11_35p
erm_1cp0/def_0_pod_0/Permeability.jpg Graphic file (type jpg)

<use /home/wagm/cortes/Localdisk/Results/17_06/two_phases/30/2w/rate/10-11_35pe
rm_1cp0/def_0_pod_0/Permeability.jpg>
Package pdftex.def Info: /home/wagm/cortes/Localdisk/Results/17_06/two_phases/3
0/2w/rate/10-11_35perm_1cp0/def_0_pod_0/Permeability.jpg used on input line 493
.
(pdftex.def)             Requested size: 170.70569pt x 128.02927pt.

</home/wagm/cortes/Localdisk/Results/17_06/two_phases/30/2w/rate/10-11_35perm_0
cp0/def_0_pod_0/bhp.jpg, id=30, 1204.5pt x 903.375pt>
File: /home/wagm/cortes/Localdisk/Results/17_06/two_phases/30/2w/rate/10-11_35p
erm_0cp0/def_0_pod_0/bhp.jpg Graphic file (type jpg)

<use /home/wagm/cortes/Localdisk/Results/17_06/two_phases/30/2w/rate/10-11_35pe
rm_0cp0/def_0_pod_0/bhp.jpg>
Package pdftex.def Info: /home/wagm/cortes/Localdisk/Results/17_06/two_phases/3
0/2w/rate/10-11_35perm_0cp0/def_0_pod_0/bhp.jpg used on input line 501.
(pdftex.def)             Requested size: 170.70569pt x 128.02927pt.


LaTeX Warning: `!h' float specifier changed to `!ht'.


</home/wagm/cortes/Localdisk/Results/17_06/two_phases/30/2w/rate/10-11_35perm_0
cp0/def_0_pod_0/Water_rate.jpg, id=31, 1204.5pt x 903.375pt>
File: /home/wagm/cortes/Localdisk/Results/17_06/two_phases/30/2w/rate/10-11_35p
erm_0cp0/def_0_pod_0/Water_rate.jpg Graphic file (type jpg)

<use /home/wagm/cortes/Localdisk/Results/17_06/two_phases/30/2w/rate/10-11_35pe
rm_0cp0/def_0_pod_0/Water_rate.jpg>
Package pdftex.def Info: /home/wagm/cortes/Localdisk/Results/17_06/two_phases/3
0/2w/rate/10-11_35perm_0cp0/def_0_pod_0/Water_rate.jpg used on input line 513.
(pdftex.def)             Requested size: 170.70569pt x 128.02927pt.

</home/wagm/cortes/Localdisk/Results/17_06/two_phases/30/2w/rate/10-11_35perm_1
cp0/def_0_pod_0/bhp.jpg, id=32, 1204.5pt x 903.375pt>
File: /home/wagm/cortes/Localdisk/Results/17_06/two_phases/30/2w/rate/10-11_35p
erm_1cp0/def_0_pod_0/bhp.jpg Graphic file (type jpg)

<use /home/wagm/cortes/Localdisk/Results/17_06/two_phases/30/2w/rate/10-11_35pe
rm_1cp0/def_0_pod_0/bhp.jpg>
Package pdftex.def Info: /home/wagm/cortes/Localdisk/Results/17_06/two_phases/3
0/2w/rate/10-11_35perm_1cp0/def_0_pod_0/bhp.jpg used on input line 520.
(pdftex.def)             Requested size: 170.70569pt x 128.02927pt.


LaTeX Warning: `!h' float specifier changed to `!ht'.


</home/wagm/cortes/Localdisk/Results/17_06/two_phases/30/2w/rate/10-11_35perm_1
cp0/def_0_pod_0/Water_saturation.jpg, id=33, 1204.5pt x 903.375pt>
File: /home/wagm/cortes/Localdisk/Results/17_06/two_phases/30/2w/rate/10-11_35p
erm_1cp0/def_0_pod_0/Water_saturation.jpg Graphic file (type jpg)

<use /home/wagm/cortes/Localdisk/Results/17_06/two_phases/30/2w/rate/10-11_35pe
rm_1cp0/def_0_pod_0/Water_saturation.jpg>
Package pdftex.def Info: /home/wagm/cortes/Localdisk/Results/17_06/two_phases/3
0/2w/rate/10-11_35perm_1cp0/def_0_pod_0/Water_saturation.jpg used on input line
 532.
(pdftex.def)             Requested size: 227.60759pt x 170.70569pt.

Overfull \hbox (55.10759pt too wide) in paragraph at lines 532--533
 [][] 
 []


</home/wagm/cortes/Localdisk/Results/17_06/two_phases/30/2w/rate/10-11_35perm_1
cp0/def_0_pod_0/Pressure.jpg, id=34, 1204.5pt x 903.375pt>
File: /home/wagm/cortes/Localdisk/Results/17_06/two_phases/30/2w/rate/10-11_35p
erm_1cp0/def_0_pod_0/Pressure.jpg Graphic file (type jpg)

<use /home/wagm/cortes/Localdisk/Results/17_06/two_phases/30/2w/rate/10-11_35pe
rm_1cp0/def_0_pod_0/Pressure.jpg>
Package pdftex.def Info: /home/wagm/cortes/Localdisk/Results/17_06/two_phases/3
0/2w/rate/10-11_35perm_1cp0/def_0_pod_0/Pressure.jpg used on input line 540.
(pdftex.def)             Requested size: 227.60759pt x 170.70569pt.

Overfull \hbox (55.10759pt too wide) in paragraph at lines 540--541
 [][] 
 []


LaTeX Warning: `!h' float specifier changed to `!ht'.

[4

] [5 </home/wagm/cortes/Localdisk/Results/17_06/two_phases/30/2w/rate/10-11_35p
erm_1cp0/def_0_pod_0/Permeability.jpg> </home/wagm/cortes/Localdisk/Results/17_
06/two_phases/30/2w/rate/10-11_35perm_0cp0/def_0_pod_0/bhp.jpg> </home/wagm/cor
tes/Localdisk/Results/17_06/two_phases/30/2w/rate/10-11_35perm_0cp0/def_0_pod_0
/Water_rate.jpg> </home/wagm/cortes/Localdisk/Results/17_06/two_phases/30/2w/ra
te/10-11_35perm_1cp0/def_0_pod_0/bhp.jpg> </home/wagm/cortes/Localdisk/Results/
17_06/two_phases/30/2w/rate/10-11_35perm_1cp0/def_0_pod_0/Water_saturation.jpg>
 </home/wagm/cortes/Localdisk/Results/17_06/two_phases/30/2w/rate/10-11_35perm_
1cp0/def_0_pod_0/Pressure.jpg>] (./17_07_03.aux)

LaTeX Warning: There were multiply-defined labels.

 ) 
Here is how much of TeX's memory you used:
 3827 strings out of 494409
 60003 string characters out of 6164778
 132380 words of memory out of 5000000
 6995 multiletter control sequences out of 15000+600000
 5945 words of font info for 24 fonts, out of 8000000 for 9000
 372 hyphenation exceptions out of 8191
 38i,12n,35p,330b,343s stack positions out of 5000i,500n,10000p,200000b,80000s
</usr/share/texlive/texmf-dist/fonts/type1/public/amsfonts/cm/cmbx12.pfb></us
r/share/texlive/texmf-dist/fonts/type1/public/amsfonts/cm/cmmi10.pfb></usr/shar
e/texlive/texmf-dist/fonts/type1/public/amsfonts/cm/cmmi7.pfb></usr/share/texli
ve/texmf-dist/fonts/type1/public/amsfonts/cm/cmr10.pfb></usr/share/texlive/texm
f-dist/fonts/type1/public/amsfonts/cm/cmr5.pfb></usr/share/texlive/texmf-dist/f
onts/type1/public/amsfonts/cm/cmr7.pfb></usr/share/texlive/texmf-dist/fonts/typ
e1/public/amsfonts/cm/cmsy10.pfb>
Output written on 17_07_03.pdf (5 pages, 794592 bytes).
PDF statistics:
 64 PDF objects out of 1000 (max. 8388607)
 33 compressed objects within 1 object stream
 0 named destinations out of 1000 (max. 500000)
 81 words of extra memory for PDF output out of 10000 (max. 10000000)

