This is pdfTeX, Version 3.14159265-2.6-1.40.15 (TeX Live 2015/dev/Debian) (preloaded format=pdflatex 2017.3.9)  2 JUN 2017 14:11
entering extended mode
 restricted \write18 enabled.
 %&-line parsing enabled.
**report_05_08.tex
(./report_05_08.tex
LaTeX2e <2014/05/01>
Babel <3.9l> and hyphenation patterns for 29 languages loaded.
(/usr/share/texlive/texmf-dist/tex/latex/base/article.cls
Document Class: article 2014/09/29 v1.4h Standard LaTeX document class
(/usr/share/texlive/texmf-dist/tex/latex/base/size12.clo
File: size12.clo 2014/09/29 v1.4h Standard LaTeX file (size option)
)
\c@part=\count79
\c@section=\count80
\c@subsection=\count81
\c@subsubsection=\count82
\c@paragraph=\count83
\c@subparagraph=\count84
\c@figure=\count85
\c@table=\count86
\abovecaptionskip=\skip41
\belowcaptionskip=\skip42
\bibindent=\dimen102
)
(/usr/share/texlive/texmf-dist/tex/latex/psnfss/pifont.sty
Package: pifont 2005/04/12 PSNFSS-v9.2a Pi font support (SPQR) 
LaTeX Font Info:    Try loading font information for U+pzd on input line 63.

(/usr/share/texlive/texmf-dist/tex/latex/psnfss/upzd.fd
File: upzd.fd 2001/06/04 font definitions for U/pzd.
)
LaTeX Font Info:    Try loading font information for U+psy on input line 64.

(/usr/share/texlive/texmf-dist/tex/latex/psnfss/upsy.fd
File: upsy.fd 2001/06/04 font definitions for U/psy.
))
(/usr/share/texlive/texmf-dist/tex/latex/a4wide/a4wide.sty
Package: a4wide 1994/08/30

(/usr/share/texlive/texmf-dist/tex/latex/ntgclass/a4.sty
Package: a4 2004/04/15 v1.2g A4 based page layout
))
(/usr/share/texlive/texmf-dist/tex/latex/base/inputenc.sty
Package: inputenc 2014/04/30 v1.2b Input encoding file
\inpenc@prehook=\toks14
\inpenc@posthook=\toks15

(/usr/share/texlive/texmf-dist/tex/latex/ucs/utf8x.def
File: utf8x.def 2004/10/17 UCS: Input encoding UTF-8
))
(/usr/share/texlive/texmf-dist/tex/latex/ucs/ucs.sty
Package: ucs 2013/05/11 v2.2 UCS: Unicode input support

(/usr/share/texlive/texmf-dist/tex/latex/ucs/data/uni-global.def
File: uni-global.def 2013/05/13 UCS: Unicode global data
)
\uc@secondtry=\count87
\uc@combtoks=\toks16
\uc@combtoksb=\toks17
\uc@temptokena=\toks18
)
(/usr/share/texlive/texmf-dist/tex/latex/amsmath/amsmath.sty
Package: amsmath 2013/01/14 v2.14 AMS math features
\@mathmargin=\skip43

For additional information on amsmath, use the `?' option.
(/usr/share/texlive/texmf-dist/tex/latex/amsmath/amstext.sty
Package: amstext 2000/06/29 v2.01

(/usr/share/texlive/texmf-dist/tex/latex/amsmath/amsgen.sty
File: amsgen.sty 1999/11/30 v2.0
\@emptytoks=\toks19
\ex@=\dimen103
))
(/usr/share/texlive/texmf-dist/tex/latex/amsmath/amsbsy.sty
Package: amsbsy 1999/11/29 v1.2d
\pmbraise@=\dimen104
)
(/usr/share/texlive/texmf-dist/tex/latex/amsmath/amsopn.sty
Package: amsopn 1999/12/14 v2.01 operator names
)
\inf@bad=\count88
LaTeX Info: Redefining \frac on input line 210.
\uproot@=\count89
\leftroot@=\count90
LaTeX Info: Redefining \overline on input line 306.
\classnum@=\count91
\DOTSCASE@=\count92
LaTeX Info: Redefining \ldots on input line 378.
LaTeX Info: Redefining \dots on input line 381.
LaTeX Info: Redefining \cdots on input line 466.
\Mathstrutbox@=\box26
\strutbox@=\box27
\big@size=\dimen105
LaTeX Font Info:    Redeclaring font encoding OML on input line 566.
LaTeX Font Info:    Redeclaring font encoding OMS on input line 567.
\macc@depth=\count93
\c@MaxMatrixCols=\count94
\dotsspace@=\muskip10
\c@parentequation=\count95
\dspbrk@lvl=\count96
\tag@help=\toks20
\row@=\count97
\column@=\count98
\maxfields@=\count99
\andhelp@=\toks21
\eqnshift@=\dimen106
\alignsep@=\dimen107
\tagshift@=\dimen108
\tagwidth@=\dimen109
\totwidth@=\dimen110
\lineht@=\dimen111
\@envbody=\toks22
\multlinegap=\skip44
\multlinetaggap=\skip45
\mathdisplay@stack=\toks23
LaTeX Info: Redefining \[ on input line 2665.
LaTeX Info: Redefining \] on input line 2666.
)
(/usr/share/texlive/texmf-dist/tex/latex/amsfonts/amsfonts.sty
Package: amsfonts 2013/01/14 v3.01 Basic AMSFonts support
\symAMSa=\mathgroup4
\symAMSb=\mathgroup5
LaTeX Font Info:    Overwriting math alphabet `\mathfrak' in version `bold'
(Font)                  U/euf/m/n --> U/euf/b/n on input line 106.
)
(/usr/share/texlive/texmf-dist/tex/latex/jknapltx/mathrsfs.sty
Package: mathrsfs 1996/01/01 Math RSFS package v1.0 (jk)
\symrsfs=\mathgroup6
)
(/usr/share/texlive/texmf-dist/tex/latex/graphics/graphicx.sty
Package: graphicx 2014/04/25 v1.0g Enhanced LaTeX Graphics (DPC,SPQR)

(/usr/share/texlive/texmf-dist/tex/latex/graphics/keyval.sty
Package: keyval 2014/05/08 v1.15 key=value parser (DPC)
\KV@toks@=\toks24
)
(/usr/share/texlive/texmf-dist/tex/latex/graphics/graphics.sty
Package: graphics 2009/02/05 v1.0o Standard LaTeX Graphics (DPC,SPQR)

(/usr/share/texlive/texmf-dist/tex/latex/graphics/trig.sty
Package: trig 1999/03/16 v1.09 sin cos tan (DPC)
)
(/usr/share/texlive/texmf-dist/tex/latex/latexconfig/graphics.cfg
File: graphics.cfg 2010/04/23 v1.9 graphics configuration of TeX Live
)
Package graphics Info: Driver file: pdftex.def on input line 91.

(/usr/share/texlive/texmf-dist/tex/latex/pdftex-def/pdftex.def
File: pdftex.def 2011/05/27 v0.06d Graphics/color for pdfTeX

(/usr/share/texlive/texmf-dist/tex/generic/oberdiek/infwarerr.sty
Package: infwarerr 2010/04/08 v1.3 Providing info/warning/error messages (HO)
)
(/usr/share/texlive/texmf-dist/tex/generic/oberdiek/ltxcmds.sty
Package: ltxcmds 2011/11/09 v1.22 LaTeX kernel commands for general use (HO)
)
\Gread@gobject=\count100
))
\Gin@req@height=\dimen112
\Gin@req@width=\dimen113
)
(/usr/share/texlive/texmf-dist/tex/latex/float/float.sty
Package: float 2001/11/08 v1.3d Float enhancements (AL)
\c@float@type=\count101
\float@exts=\toks25
\float@box=\box28
\@float@everytoks=\toks26
\@floatcapt=\box29
)
(/usr/share/texlive/texmf-dist/tex/latex/caption/caption.sty
Package: caption 2013/05/02 v3.3-89 Customizing captions (AR)

(/usr/share/texlive/texmf-dist/tex/latex/caption/caption3.sty
Package: caption3 2013/05/02 v1.6-88 caption3 kernel (AR)
Package caption3 Info: TeX engine: e-TeX on input line 57.
\captionmargin=\dimen114
\captionmargin@=\dimen115
\captionwidth=\dimen116
\caption@tempdima=\dimen117
\caption@indent=\dimen118
\caption@parindent=\dimen119
\caption@hangindent=\dimen120
)
\c@ContinuedFloat=\count102
Package caption Info: float package is loaded.
)
(/usr/share/texlive/texmf-dist/tex/latex/wrapfig/wrapfig.sty
\wrapoverhang=\dimen121
\WF@size=\dimen122
\c@WF@wrappedlines=\count103
\WF@box=\box30
\WF@everypar=\toks27
Package: wrapfig 2003/01/31  v 3.6
)
(/usr/share/texlive/texmf-dist/tex/latex/preprint/authblk.sty
Package: authblk 2001/02/27 1.3 (PWD)
\affilsep=\skip46
\@affilsep=\skip47
\c@Maxaffil=\count104
\c@authors=\count105
\c@affil=\count106
)
(/usr/share/texlive/texmf-dist/tex/latex/subfigure/subfigure.sty
Package: subfigure 2002/03/15 v2.1.5 subfigure package
\subfigtopskip=\skip48
\subfigcapskip=\skip49
\subfigcaptopadj=\dimen123
\subfigbottomskip=\skip50
\subfigcapmargin=\dimen124
\subfiglabelskip=\skip51
\c@subfigure=\count107
\c@lofdepth=\count108
\c@subtable=\count109
\c@lotdepth=\count110

****************************************
* Local config file subfigure.cfg used *
****************************************
(/usr/share/texlive/texmf-dist/tex/latex/subfigure/subfigure.cfg)
\subfig@top=\skip52
\subfig@bottom=\skip53
)
(/usr/share/texlive/texmf-dist/tex/latex/amsfonts/amssymb.sty
Package: amssymb 2013/01/14 v3.01 AMS font symbols
)
(/usr/share/texlive/texmf-dist/tex/latex/base/latexsym.sty
Package: latexsym 1998/08/17 v2.2e Standard LaTeX package (lasy symbols)
\symlasy=\mathgroup7
LaTeX Font Info:    Overwriting symbol font `lasy' in version `bold'
(Font)                  U/lasy/m/n --> U/lasy/b/n on input line 47.
)
(/usr/share/texlive/texmf-dist/tex/latex/natbib/natbib.sty
Package: natbib 2010/09/13 8.31b (PWD, AO)
\bibhang=\skip54
\bibsep=\skip55
LaTeX Info: Redefining \cite on input line 694.
\c@NAT@ctr=\count111
) (./report_05_08.aux

LaTeX Warning: Label `eq:2ph' multiply defined.


LaTeX Warning: Label `eq:sat' multiply defined.


LaTeX Warning: Label `table:icw' multiply defined.


LaTeX Warning: Label `fig:p3c' multiply defined.


LaTeX Warning: Label `fig:sat3c' multiply defined.


LaTeX Warning: Label `fig:cn3c' multiply defined.


LaTeX Warning: Label `fig:Convho' multiply defined.


LaTeX Warning: Label `fig:Convho' multiply defined.


LaTeX Warning: Label `fig:Convho' multiply defined.


LaTeX Warning: Label `fig:Convho' multiply defined.


LaTeX Warning: Label `fig:Convho' multiply defined.


LaTeX Warning: Label `fig:Convho' multiply defined.


LaTeX Warning: Label `fig:Convho' multiply defined.


LaTeX Warning: Label `fig:Convho' multiply defined.


LaTeX Warning: Label `fig:Convho' multiply defined.


LaTeX Warning: Label `fig:Convho' multiply defined.


LaTeX Warning: Label `fig:Convho' multiply defined.


LaTeX Warning: Label `fig:Convho' multiply defined.


LaTeX Warning: Label `fig:Convho' multiply defined.


LaTeX Warning: Label `fig:Convho' multiply defined.


LaTeX Warning: Label `fig:Convho' multiply defined.


LaTeX Warning: Label `fig:Convho' multiply defined.


LaTeX Warning: Label `fig:Convho' multiply defined.


LaTeX Warning: Label `fig:Convho' multiply defined.


LaTeX Warning: Label `fig:Convho' multiply defined.


LaTeX Warning: Label `fig:Convho' multiply defined.


LaTeX Warning: Label `fig:Convho' multiply defined.


LaTeX Warning: Label `fig:Convho' multiply defined.


LaTeX Warning: Label `fig:Convho' multiply defined.


LaTeX Warning: Label `fig:Convho' multiply defined.


LaTeX Warning: Label `fig:Convho' multiply defined.


LaTeX Warning: Label `fig:Convho' multiply defined.


LaTeX Warning: Label `fig:Convho' multiply defined.


LaTeX Warning: Label `fig:Convho' multiply defined.

)
\openout1 = `report_05_08.aux'.

LaTeX Font Info:    Checking defaults for OML/cmm/m/it on input line 35.
LaTeX Font Info:    ... okay on input line 35.
LaTeX Font Info:    Checking defaults for T1/cmr/m/n on input line 35.
LaTeX Font Info:    ... okay on input line 35.
LaTeX Font Info:    Checking defaults for OT1/cmr/m/n on input line 35.
LaTeX Font Info:    ... okay on input line 35.
LaTeX Font Info:    Checking defaults for OMS/cmsy/m/n on input line 35.
LaTeX Font Info:    ... okay on input line 35.
LaTeX Font Info:    Checking defaults for OMX/cmex/m/n on input line 35.
LaTeX Font Info:    ... okay on input line 35.
LaTeX Font Info:    Checking defaults for U/cmr/m/n on input line 35.
LaTeX Font Info:    ... okay on input line 35.
 (/usr/share/texlive/texmf-dist/tex/latex/ucs/ucsencs.def
File: ucsencs.def 2011/01/21 Fixes to fontencodings LGR, T3
)
(/usr/share/texlive/texmf-dist/tex/context/base/supp-pdf.mkii
[Loading MPS to PDF converter (version 2006.09.02).]
\scratchcounter=\count112
\scratchdimen=\dimen125
\scratchbox=\box31
\nofMPsegments=\count113
\nofMParguments=\count114
\everyMPshowfont=\toks28
\MPscratchCnt=\count115
\MPscratchDim=\dimen126
\MPnumerator=\count116
\makeMPintoPDFobject=\count117
\everyMPtoPDFconversion=\toks29
) (/usr/share/texlive/texmf-dist/tex/generic/oberdiek/pdftexcmds.sty
Package: pdftexcmds 2011/11/29 v0.20 Utility functions of pdfTeX for LuaTeX (HO
)

(/usr/share/texlive/texmf-dist/tex/generic/oberdiek/ifluatex.sty
Package: ifluatex 2010/03/01 v1.3 Provides the ifluatex switch (HO)
Package ifluatex Info: LuaTeX not detected.
)
(/usr/share/texlive/texmf-dist/tex/generic/oberdiek/ifpdf.sty
Package: ifpdf 2011/01/30 v2.3 Provides the ifpdf switch (HO)
Package ifpdf Info: pdfTeX in PDF mode is detected.
)
Package pdftexcmds Info: LuaTeX not detected.
Package pdftexcmds Info: \pdf@primitive is available.
Package pdftexcmds Info: \pdf@ifprimitive is available.
Package pdftexcmds Info: \pdfdraftmode found.
)
(/usr/share/texlive/texmf-dist/tex/latex/oberdiek/epstopdf-base.sty
Package: epstopdf-base 2010/02/09 v2.5 Base part for package epstopdf

(/usr/share/texlive/texmf-dist/tex/latex/oberdiek/grfext.sty
Package: grfext 2010/08/19 v1.1 Manage graphics extensions (HO)

(/usr/share/texlive/texmf-dist/tex/generic/oberdiek/kvdefinekeys.sty
Package: kvdefinekeys 2011/04/07 v1.3 Define keys (HO)
))
(/usr/share/texlive/texmf-dist/tex/latex/oberdiek/kvoptions.sty
Package: kvoptions 2011/06/30 v3.11 Key value format for package options (HO)

(/usr/share/texlive/texmf-dist/tex/generic/oberdiek/kvsetkeys.sty
Package: kvsetkeys 2012/04/25 v1.16 Key value parser (HO)

(/usr/share/texlive/texmf-dist/tex/generic/oberdiek/etexcmds.sty
Package: etexcmds 2011/02/16 v1.5 Avoid name clashes with e-TeX commands (HO)
Package etexcmds Info: Could not find \expanded.
(etexcmds)             That can mean that you are not using pdfTeX 1.50 or
(etexcmds)             that some package has redefined \expanded.
(etexcmds)             In the latter case, load this package earlier.
)))
Package grfext Info: Graphics extension search list:
(grfext)             [.png,.pdf,.jpg,.mps,.jpeg,.jbig2,.jb2,.PNG,.PDF,.JPG,.JPE
G,.JBIG2,.JB2,.eps]
(grfext)             \AppendGraphicsExtensions on input line 452.

(/usr/share/texlive/texmf-dist/tex/latex/latexconfig/epstopdf-sys.cfg
File: epstopdf-sys.cfg 2010/07/13 v1.3 Configuration of (r)epstopdf for TeX Liv
e
))
Package caption Info: Begin \AtBeginDocument code.
Package caption Info: subfigure package is loaded.
Package caption Info: wrapfig package is loaded.
Package caption Info: End \AtBeginDocument code.
LaTeX Font Info:    Try loading font information for U+msa on input line 64.

(/usr/share/texlive/texmf-dist/tex/latex/amsfonts/umsa.fd
File: umsa.fd 2013/01/14 v3.01 AMS symbols A
)
LaTeX Font Info:    Try loading font information for U+msb on input line 64.

(/usr/share/texlive/texmf-dist/tex/latex/amsfonts/umsb.fd
File: umsb.fd 2013/01/14 v3.01 AMS symbols B
)
LaTeX Font Info:    Try loading font information for U+rsfs on input line 64.

(/usr/share/texlive/texmf-dist/tex/latex/jknapltx/ursfs.fd
File: ursfs.fd 1998/03/24 rsfs font definition file (jk)
)
LaTeX Font Info:    Try loading font information for U+lasy on input line 64.

(/usr/share/texlive/texmf-dist/tex/latex/base/ulasy.fd
File: ulasy.fd 1998/08/17 v2.2e LaTeX symbol font definitions
)
Underfull \hbox (badness 10000) in paragraph at lines 66--70

 []

[1

{/var/lib/texmf/fonts/map/pdftex/updmap/pdftex.map}]

Package natbib Warning: Citation `Vuik02' on page 2 undefined on input line 79.



Package natbib Warning: Citation `Benzi02' on page 2 undefined on input line 79
.


Package natbib Warning: Citation `Antoulas05' on page 2 undefined on input line
 80.


Package natbib Warning: Citation `Schilders08' on page 2 undefined on input lin
e 80.


Package natbib Warning: Citation `Quarteroni14' on page 2 undefined on input li
ne 80.


Package natbib Warning: Citation `Heijn04' on page 2 undefined on input line 82
.


Package natbib Warning: Citation `Vermeulen04' on page 2 undefined on input lin
e 82.


Package natbib Warning: Citation `Mark06' on page 2 undefined on input line 82.



Package natbib Warning: Citation `Doren06' on page 2 undefined on input line 82
.


Package natbib Warning: Citation `Cardoso09' on page 2 undefined on input line 
82.


Package natbib Warning: Citation `Astrid11' on page 2 undefined on input line 8
2.


Package natbib Warning: Citation `Krogstad11' on page 2 undefined on input line
 82.


Package natbib Warning: Citation `Efendiev12' on page 2 undefined on input line
 82.


Package natbib Warning: Citation `Jiang13' on page 2 undefined on input line 82
.


Package natbib Warning: Citation `Pasetto16' on page 2 undefined on input line 
82.


Package natbib Warning: Citation `Astrid11' on page 2 undefined on input line 8
4.


Package natbib Warning: Citation `Jiang13' on page 2 undefined on input line 84
.


Package natbib Warning: Citation `Pasetto16' on page 2 undefined on input line 
85.


Package natbib Warning: Citation `Astrid11' on page 2 undefined on input line 8
7.


Package natbib Warning: Citation `Jiang13' on page 2 undefined on input line 87
.


Package natbib Warning: Citation `Pasetto16' on page 2 undefined on input line 
87.


Package natbib Warning: Citation `Pasetto16' on page 2 undefined on input line 
89.


Package natbib Warning: Citation `Mark06' on page 2 undefined on input line 89.



Package natbib Warning: Citation `Vuik99' on page 2 undefined on input line 91.



Package natbib Warning: Citation `Vuik99' on page 2 undefined on input line 91.



Package natbib Warning: Citation `Christie01' on page 2 undefined on input line
 92.


Package natbib Warning: Citation `Klie07' on page 2 undefined on input line 93.



Package natbib Warning: Citation `Tang09' on page 2 undefined on input line 93.



Package natbib Warning: Citation `Mark06' on page 2 undefined on input line 94.



Package natbib Warning: Citation `Astrid11' on page 2 undefined on input line 9
4.


Package natbib Warning: Citation `Pasetto16' on page 2 undefined on input line 
94.


Package natbib Warning: Citation `Carlberg15' on page 2 undefined on input line
 94.


Package natbib Warning: Citation `Astrid11' on page 2 undefined on input line 9
5.


Package natbib Warning: Citation `Mark06' on page 2 undefined on input line 95.



Package natbib Warning: Citation `Pasetto16' on page 2 undefined on input line 
95.


Package natbib Warning: Citation `Carlberg15' on page 2 undefined on input line
 95.


LaTeX Warning: Reference `syseq' on page 2 undefined on input line 98.


LaTeX Warning: Reference `POD' on page 2 undefined on input line 100.


LaTeX Warning: Reference `as' on page 2 undefined on input line 101.

[2] [3] [4]
Underfull \hbox (badness 10000) in paragraph at lines 220--221

 []

[5] [6]
Underfull \hbox (badness 10000) in paragraph at lines 274--289

 []


Underfull \hbox (badness 10000) in paragraph at lines 274--289

 []


Underfull \hbox (badness 10000) in paragraph at lines 274--289

 []

[7] [8]
Underfull \hbox (badness 10000) in paragraph at lines 358--376

 []


Underfull \hbox (badness 10000) in paragraph at lines 358--376

 []

(/usr/share/texlive/texmf-dist/tex/latex/ucs/data/uni-34.def
File: uni-34.def 2013/05/13 UCS: Unicode data U+2200..U+22FF
)
Underfull \hbox (badness 10000) in paragraph at lines 382--399

 []

[9]
Overfull \hbox (39.29219pt too wide) in paragraph at lines 402--404
[]\OT1/cmr/m/n/12 the source term $\OML/cmm/m/it/12 q$ \OT1/cmr/m/n/12 be-ing r
e-placed by a saturation-dependent source term $\OML/cmm/m/it/12 q \OMS/cmsy/m/
n/12 ^^@ r\OML/cmm/m/it/12 ^^U[]\OT1/cmr/m/n/12 (\OML/cmm/m/it/12 S[]\OT1/cmr/m
/n/12 )\OMS/cmsy/m/n/12 r\OML/cmm/m/it/12 P[]\OT1/cmr/m/n/12 (\OML/cmm/m/it/12 
S[]\OT1/cmr/m/n/12 )$. 
 []

[10]
Underfull \hbox (badness 10000) in paragraph at lines 444--448

 []


Underfull \hbox (badness 10000) in paragraph at lines 450--452

 []

[11]

Package natbib Warning: Citation `Lie13' on page 12 undefined on input line 620
.


Underfull \hbox (badness 10000) in paragraph at lines 633--647
[]  $[]$
 []


Underfull \hbox (badness 10000) in paragraph at lines 633--647

 []


</mnt/sda2/cortes/Results/17_04/two_phases/19/bcx/10-7_64nz1perm_1cp0/def_0_pod
_0/Permeability.jpg, id=52, 1204.5pt x 903.375pt>
File: /mnt/sda2/cortes/Results/17_04/two_phases/19/bcx/10-7_64nz1perm_1cp0/def_
0_pod_0/Permeability.jpg Graphic file (type jpg)

<use /mnt/sda2/cortes/Results/17_04/two_phases/19/bcx/10-7_64nz1perm_1cp0/def_0
_pod_0/Permeability.jpg>
Package pdftex.def Info: /mnt/sda2/cortes/Results/17_04/two_phases/19/bcx/10-7_
64nz1perm_1cp0/def_0_pod_0/Permeability.jpg used on input line 654.
(pdftex.def)             Requested size: 113.80379pt x 85.35284pt.

</mnt/sda2/cortes/Results/17_04/two_phases/19/bcx/10-7_64nz1perm_1cp0/def_0_pod
_0/RelPerm.jpg, id=53, 1204.5pt x 903.375pt>
File: /mnt/sda2/cortes/Results/17_04/two_phases/19/bcx/10-7_64nz1perm_1cp0/def_
0_pod_0/RelPerm.jpg Graphic file (type jpg)

<use /mnt/sda2/cortes/Results/17_04/two_phases/19/bcx/10-7_64nz1perm_1cp0/def_0
_pod_0/RelPerm.jpg>
Package pdftex.def Info: /mnt/sda2/cortes/Results/17_04/two_phases/19/bcx/10-7_
64nz1perm_1cp0/def_0_pod_0/RelPerm.jpg used on input line 662.
(pdftex.def)             Requested size: 113.80379pt x 85.35284pt.

</mnt/sda2/cortes/Results/17_04/two_phases/19/bcx/10-7_64nz1perm_1cp0/def_0_pod
_0/ISat.jpg, id=54, 942.65218pt x 571.01242pt>
File: /mnt/sda2/cortes/Results/17_04/two_phases/19/bcx/10-7_64nz1perm_1cp0/def_
0_pod_0/ISat.jpg Graphic file (type jpg)

<use /mnt/sda2/cortes/Results/17_04/two_phases/19/bcx/10-7_64nz1perm_1cp0/def_0
_pod_0/ISat.jpg>
Package pdftex.def Info: /mnt/sda2/cortes/Results/17_04/two_phases/19/bcx/10-7_
64nz1perm_1cp0/def_0_pod_0/ISat.jpg used on input line 670.
(pdftex.def)             Requested size: 142.25475pt x 86.17093pt.

Overfull \hbox (13.5237pt too wide) in paragraph at lines 650--675
[]  $[]$  $[]$  $[]$ 
 []


LaTeX Warning: `!h' float specifier changed to `!ht'.

[12] [13 </mnt/sda2/cortes/Results/17_04/two_phases/19/bcx/10-7_64nz1perm_1cp0/
def_0_pod_0/Permeability.jpg> </mnt/sda2/cortes/Results/17_04/two_phases/19/bcx
/10-7_64nz1perm_1cp0/def_0_pod_0/RelPerm.jpg> </mnt/sda2/cortes/Results/17_04/t
wo_phases/19/bcx/10-7_64nz1perm_1cp0/def_0_pod_0/ISat.jpg>]
</mnt/sda2/cortes/Results/17_04/two_phases/19/bcx/10-7_64nz1perm_1cp0/def_0_pod
_0/Pressure.jpg, id=63, 941.86662pt x 260.48967pt>
File: /mnt/sda2/cortes/Results/17_04/two_phases/19/bcx/10-7_64nz1perm_1cp0/def_
0_pod_0/Pressure.jpg Graphic file (type jpg)

<use /mnt/sda2/cortes/Results/17_04/two_phases/19/bcx/10-7_64nz1perm_1cp0/def_0
_pod_0/Pressure.jpg>
Package pdftex.def Info: /mnt/sda2/cortes/Results/17_04/two_phases/19/bcx/10-7_
64nz1perm_1cp0/def_0_pod_0/Pressure.jpg used on input line 782.
(pdftex.def)             Requested size: 426.79663pt x 118.03806pt.

Overfull \hbox (12.15033pt too wide) in paragraph at lines 782--784
 [][] 
 []


</mnt/sda2/cortes/Results/17_04/two_phases/19/bcx/10-7_64nz1perm_1cp0/def_0_pod
_0/Sat.jpg, id=64, 865.66891pt x 632.95813pt>
File: /mnt/sda2/cortes/Results/17_04/two_phases/19/bcx/10-7_64nz1perm_1cp0/def_
0_pod_0/Sat.jpg Graphic file (type jpg)

<use /mnt/sda2/cortes/Results/17_04/two_phases/19/bcx/10-7_64nz1perm_1cp0/def_0
_pod_0/Sat.jpg>
Package pdftex.def Info: /mnt/sda2/cortes/Results/17_04/two_phases/19/bcx/10-7_
64nz1perm_1cp0/def_0_pod_0/Sat.jpg used on input line 794.
(pdftex.def)             Requested size: 426.78366pt x 312.05486pt.

Overfull \hbox (12.13736pt too wide) in paragraph at lines 794--796
 [][] 
 []


LaTeX Warning: `!h' float specifier changed to `!ht'.


</mnt/sda2/cortes/Results/17_04/two_phases/19/bcx/10-7_64nz1perm_1cp0/def_0_pod
_0/Estcondnumb.jpg, id=65, 1204.5pt x 903.375pt>
File: /mnt/sda2/cortes/Results/17_04/two_phases/19/bcx/10-7_64nz1perm_1cp0/def_
0_pod_0/Estcondnumb.jpg Graphic file (type jpg)

<use /mnt/sda2/cortes/Results/17_04/two_phases/19/bcx/10-7_64nz1perm_1cp0/def_0
_pod_0/Estcondnumb.jpg>
Package pdftex.def Info: /mnt/sda2/cortes/Results/17_04/two_phases/19/bcx/10-7_
64nz1perm_1cp0/def_0_pod_0/Estcondnumb.jpg used on input line 806.
(pdftex.def)             Requested size: 199.15665pt x 149.36748pt.


LaTeX Warning: `!h' float specifier changed to `!ht'.

[14 </mnt/sda2/cortes/Results/17_04/two_phases/19/bcx/10-7_64nz1perm_1cp0/def_0
_pod_0/Pressure.jpg>] [15 </mnt/sda2/cortes/Results/17_04/two_phases/19/bcx/10-
7_64nz1perm_1cp0/def_0_pod_0/Sat.jpg> </mnt/sda2/cortes/Results/17_04/two_phase
s/19/bcx/10-7_64nz1perm_1cp0/def_0_pod_0/Estcondnumb.jpg>]
</mnt/sda2/cortes/Results/17_04/two_phases/19/bcx/10-7_64nz1perm_1cp1/def_0_pod
_0/Pressure.jpg, id=73, 942.65218pt x 266.84308pt>
File: /mnt/sda2/cortes/Results/17_04/two_phases/19/bcx/10-7_64nz1perm_1cp1/def_
0_pod_0/Pressure.jpg Graphic file (type jpg)

<use /mnt/sda2/cortes/Results/17_04/two_phases/19/bcx/10-7_64nz1perm_1cp1/def_0
_pod_0/Pressure.jpg>
Package pdftex.def Info: /mnt/sda2/cortes/Results/17_04/two_phases/19/bcx/10-7_
64nz1perm_1cp1/def_0_pod_0/Pressure.jpg used on input line 856.
(pdftex.def)             Requested size: 426.79301pt x 120.81525pt.

Overfull \hbox (12.14671pt too wide) in paragraph at lines 856--858
 [][] 
 []


</mnt/sda2/cortes/Results/17_04/two_phases/19/bcx/10-7_64nz1perm_1cp1/def_0_pod
_0/Sat.jpg, id=74, 877.45207pt x 636.13484pt>
File: /mnt/sda2/cortes/Results/17_04/two_phases/19/bcx/10-7_64nz1perm_1cp1/def_
0_pod_0/Sat.jpg Graphic file (type jpg)

<use /mnt/sda2/cortes/Results/17_04/two_phases/19/bcx/10-7_64nz1perm_1cp1/def_0
_pod_0/Sat.jpg>
Package pdftex.def Info: /mnt/sda2/cortes/Results/17_04/two_phases/19/bcx/10-7_
64nz1perm_1cp1/def_0_pod_0/Sat.jpg used on input line 868.
(pdftex.def)             Requested size: 426.79552pt x 309.41803pt.

Overfull \hbox (12.14922pt too wide) in paragraph at lines 868--870
 [][] 
 []


LaTeX Warning: `!h' float specifier changed to `!ht'.


</mnt/sda2/cortes/Results/17_04/two_phases/19/bcx/10-7_64nz1perm_1cp1/def_0_pod
_0/Estcondnumb.jpg, id=75, 1204.5pt x 903.375pt>
File: /mnt/sda2/cortes/Results/17_04/two_phases/19/bcx/10-7_64nz1perm_1cp1/def_
0_pod_0/Estcondnumb.jpg Graphic file (type jpg)

<use /mnt/sda2/cortes/Results/17_04/two_phases/19/bcx/10-7_64nz1perm_1cp1/def_0
_pod_0/Estcondnumb.jpg>
Package pdftex.def Info: /mnt/sda2/cortes/Results/17_04/two_phases/19/bcx/10-7_
64nz1perm_1cp1/def_0_pod_0/Estcondnumb.jpg used on input line 880.
(pdftex.def)             Requested size: 199.15665pt x 149.36748pt.


LaTeX Warning: `!h' float specifier changed to `!ht'.

[16 </mnt/sda2/cortes/Results/17_04/two_phases/19/bcx/10-7_64nz1perm_1cp1/def_0
_pod_0/Pressure.jpg>]
Overfull \vbox (7.5355pt too high) has occurred while \output is active []


[17 </mnt/sda2/cortes/Results/17_04/two_phases/19/bcx/10-7_64nz1perm_1cp1/def_0
_pod_0/Sat.jpg> </mnt/sda2/cortes/Results/17_04/two_phases/19/bcx/10-7_64nz1per
m_1cp1/def_0_pod_0/Estcondnumb.jpg>]
</mnt/sda2/cortes/Results/17_04/two_phases/19/bcx/10-7_64nz10perm_1cp0/def_0_po
d_0/Pressure.jpg, id=82, 942.65218pt x 266.0489pt>
File: /mnt/sda2/cortes/Results/17_04/two_phases/19/bcx/10-7_64nz10perm_1cp0/def
_0_pod_0/Pressure.jpg Graphic file (type jpg)

<use /mnt/sda2/cortes/Results/17_04/two_phases/19/bcx/10-7_64nz10perm_1cp0/def_
0_pod_0/Pressure.jpg>
Package pdftex.def Info: /mnt/sda2/cortes/Results/17_04/two_phases/19/bcx/10-7_
64nz10perm_1cp0/def_0_pod_0/Pressure.jpg used on input line 927.
(pdftex.def)             Requested size: 426.79301pt x 120.45567pt.

Overfull \hbox (12.14671pt too wide) in paragraph at lines 927--929
 [][] 
 []


</mnt/sda2/cortes/Results/17_04/two_phases/19/bcx/10-7_64nz10perm_1cp0/def_0_po
d_0/Sat.jpg, id=83, 873.52435pt x 640.10571pt>
File: /mnt/sda2/cortes/Results/17_04/two_phases/19/bcx/10-7_64nz10perm_1cp0/def
_0_pod_0/Sat.jpg Graphic file (type jpg)

<use /mnt/sda2/cortes/Results/17_04/two_phases/19/bcx/10-7_64nz10perm_1cp0/def_
0_pod_0/Sat.jpg>
Package pdftex.def Info: /mnt/sda2/cortes/Results/17_04/two_phases/19/bcx/10-7_
64nz10perm_1cp0/def_0_pod_0/Sat.jpg used on input line 939.
(pdftex.def)             Requested size: 426.79109pt x 312.7462pt.

Overfull \hbox (12.14479pt too wide) in paragraph at lines 939--941
 [][] 
 []


LaTeX Warning: `!h' float specifier changed to `!ht'.


</mnt/sda2/cortes/Results/17_04/two_phases/19/bcx/10-7_64nz10perm_1cp0/def_0_po
d_0/Estcondnumb.jpg, id=84, 1204.5pt x 903.375pt>
File: /mnt/sda2/cortes/Results/17_04/two_phases/19/bcx/10-7_64nz10perm_1cp0/def
_0_pod_0/Estcondnumb.jpg Graphic file (type jpg)

<use /mnt/sda2/cortes/Results/17_04/two_phases/19/bcx/10-7_64nz10perm_1cp0/def_
0_pod_0/Estcondnumb.jpg>
Package pdftex.def Info: /mnt/sda2/cortes/Results/17_04/two_phases/19/bcx/10-7_
64nz10perm_1cp0/def_0_pod_0/Estcondnumb.jpg used on input line 951.
(pdftex.def)             Requested size: 199.15665pt x 149.36748pt.


LaTeX Warning: `!h' float specifier changed to `!ht'.

[18 </mnt/sda2/cortes/Results/17_04/two_phases/19/bcx/10-7_64nz10perm_1cp0/def_
0_pod_0/Pressure.jpg>]
Overfull \vbox (10.86368pt too high) has occurred while \output is active []


[19 </mnt/sda2/cortes/Results/17_04/two_phases/19/bcx/10-7_64nz10perm_1cp0/def_
0_pod_0/Sat.jpg> </mnt/sda2/cortes/Results/17_04/two_phases/19/bcx/10-7_64nz10p
erm_1cp0/def_0_pod_0/Estcondnumb.jpg>]
</mnt/sda2/cortes/Results/17_04/two_phases/19/bcx/10-7_64nz10perm_1cp1/def_0_po
d_0/Pressure.jpg, id=92, 941.86662pt x 266.0489pt>
File: /mnt/sda2/cortes/Results/17_04/two_phases/19/bcx/10-7_64nz10perm_1cp1/def
_0_pod_0/Pressure.jpg Graphic file (type jpg)

<use /mnt/sda2/cortes/Results/17_04/two_phases/19/bcx/10-7_64nz10perm_1cp1/def_
0_pod_0/Pressure.jpg>
Package pdftex.def Info: /mnt/sda2/cortes/Results/17_04/two_phases/19/bcx/10-7_
64nz10perm_1cp1/def_0_pod_0/Pressure.jpg used on input line 998.
(pdftex.def)             Requested size: 426.79663pt x 120.55716pt.

Overfull \hbox (12.15033pt too wide) in paragraph at lines 998--1000
 [][] 
 []


</mnt/sda2/cortes/Results/17_04/two_phases/19/bcx/10-7_64nz10perm_1cp1/def_0_po
d_0/Sat.jpg, id=93, 871.95326pt x 638.51736pt>
File: /mnt/sda2/cortes/Results/17_04/two_phases/19/bcx/10-7_64nz10perm_1cp1/def
_0_pod_0/Sat.jpg Graphic file (type jpg)

<use /mnt/sda2/cortes/Results/17_04/two_phases/19/bcx/10-7_64nz10perm_1cp1/def_
0_pod_0/Sat.jpg>
Package pdftex.def Info: /mnt/sda2/cortes/Results/17_04/two_phases/19/bcx/10-7_
64nz10perm_1cp1/def_0_pod_0/Sat.jpg used on input line 1010.
(pdftex.def)             Requested size: 426.79517pt x 312.53525pt.

Overfull \hbox (12.14886pt too wide) in paragraph at lines 1010--1012
 [][] 
 []


LaTeX Warning: `!h' float specifier changed to `!ht'.

File: /mnt/sda2/cortes/Results/17_04/two_phases/19/bcx/10-7_64nz10perm_1cp0/def
_0_pod_0/Estcondnumb.jpg Graphic file (type jpg)

<use /mnt/sda2/cortes/Results/17_04/two_phases/19/bcx/10-7_64nz10perm_1cp0/def_
0_pod_0/Estcondnumb.jpg>
Package pdftex.def Info: /mnt/sda2/cortes/Results/17_04/two_phases/19/bcx/10-7_
64nz10perm_1cp0/def_0_pod_0/Estcondnumb.jpg used on input line 1022.
(pdftex.def)             Requested size: 199.15665pt x 149.36748pt.


LaTeX Warning: `!h' float specifier changed to `!ht'.

[20 </mnt/sda2/cortes/Results/17_04/two_phases/19/bcx/10-7_64nz10perm_1cp1/def_
0_pod_0/Pressure.jpg>] [21 </mnt/sda2/cortes/Results/17_04/two_phases/19/bcx/10
-7_64nz10perm_1cp1/def_0_pod_0/Sat.jpg>]
</mnt/sda2/cortes/Results/17_04/two_phases/19/bcy/10-7_64nz1perm_1cp0/def_0_pod
_0/Pressure.jpg, id=100, 940.29555pt x 263.66637pt>
File: /mnt/sda2/cortes/Results/17_04/two_phases/19/bcy/10-7_64nz1perm_1cp0/def_
0_pod_0/Pressure.jpg Graphic file (type jpg)

<use /mnt/sda2/cortes/Results/17_04/two_phases/19/bcy/10-7_64nz1perm_1cp0/def_0
_pod_0/Pressure.jpg>
Package pdftex.def Info: /mnt/sda2/cortes/Results/17_04/two_phases/19/bcy/10-7_
64nz1perm_1cp0/def_0_pod_0/Pressure.jpg used on input line 1074.
(pdftex.def)             Requested size: 426.78777pt x 119.67468pt.

Overfull \hbox (12.14146pt too wide) in paragraph at lines 1074--1076
 [][] 
 []


</mnt/sda2/cortes/Results/17_04/two_phases/19/bcy/10-7_64nz1perm_1cp0/def_0_pod
_0/Sat.jpg, id=101, 875.09543pt x 645.66495pt>
File: /mnt/sda2/cortes/Results/17_04/two_phases/19/bcy/10-7_64nz1perm_1cp0/def_
0_pod_0/Sat.jpg Graphic file (type jpg)

<use /mnt/sda2/cortes/Results/17_04/two_phases/19/bcy/10-7_64nz1perm_1cp0/def_0
_pod_0/Sat.jpg>
Package pdftex.def Info: /mnt/sda2/cortes/Results/17_04/two_phases/19/bcy/10-7_
64nz1perm_1cp0/def_0_pod_0/Sat.jpg used on input line 1086.
(pdftex.def)             Requested size: 426.79758pt x 314.90079pt.

Overfull \hbox (12.15128pt too wide) in paragraph at lines 1086--1088
 [][] 
 []


LaTeX Warning: `!h' float specifier changed to `!ht'.


</mnt/sda2/cortes/Results/17_04/two_phases/19/bcy/10-7_64nz1perm_1cp0/def_0_pod
_0/Estcondnumb.jpg, id=102, 1204.5pt x 903.375pt>
File: /mnt/sda2/cortes/Results/17_04/two_phases/19/bcy/10-7_64nz1perm_1cp0/def_
0_pod_0/Estcondnumb.jpg Graphic file (type jpg)

<use /mnt/sda2/cortes/Results/17_04/two_phases/19/bcy/10-7_64nz1perm_1cp0/def_0
_pod_0/Estcondnumb.jpg>
Package pdftex.def Info: /mnt/sda2/cortes/Results/17_04/two_phases/19/bcy/10-7_
64nz1perm_1cp0/def_0_pod_0/Estcondnumb.jpg used on input line 1098.
(pdftex.def)             Requested size: 199.15665pt x 149.36748pt.


LaTeX Warning: `!h' float specifier changed to `!ht'.

[22 </mnt/sda2/cortes/Results/17_04/two_phases/19/bcy/10-7_64nz1perm_1cp0/def_0
_pod_0/Pressure.jpg>] [23 </mnt/sda2/cortes/Results/17_04/two_phases/19/bcy/10-
7_64nz1perm_1cp0/def_0_pod_0/Sat.jpg> </mnt/sda2/cortes/Results/17_04/two_phase
s/19/bcy/10-7_64nz1perm_1cp0/def_0_pod_0/Estcondnumb.jpg>]
</mnt/sda2/cortes/Results/17_04/two_phases/19/bcy/10-7_64nz1perm_1cp1/def_0_pod
_0/Pressure.jpg, id=109, 941.86662pt x 273.99066pt>
File: /mnt/sda2/cortes/Results/17_04/two_phases/19/bcy/10-7_64nz1perm_1cp1/def_
0_pod_0/Pressure.jpg Graphic file (type jpg)

<use /mnt/sda2/cortes/Results/17_04/two_phases/19/bcy/10-7_64nz1perm_1cp1/def_0
_pod_0/Pressure.jpg>
Package pdftex.def Info: /mnt/sda2/cortes/Results/17_04/two_phases/19/bcy/10-7_
64nz1perm_1cp1/def_0_pod_0/Pressure.jpg used on input line 1148.
(pdftex.def)             Requested size: 426.79663pt x 124.15588pt.

Overfull \hbox (12.15033pt too wide) in paragraph at lines 1148--1150
 [][] 
 []


</mnt/sda2/cortes/Results/17_04/two_phases/19/bcy/10-7_64nz1perm_1cp1/def_0_pod
_0/Sat.jpg, id=110, 870.38217pt x 636.92902pt>
File: /mnt/sda2/cortes/Results/17_04/two_phases/19/bcy/10-7_64nz1perm_1cp1/def_
0_pod_0/Sat.jpg Graphic file (type jpg)

<use /mnt/sda2/cortes/Results/17_04/two_phases/19/bcy/10-7_64nz1perm_1cp1/def_0
_pod_0/Sat.jpg>
Package pdftex.def Info: /mnt/sda2/cortes/Results/17_04/two_phases/19/bcy/10-7_
64nz1perm_1cp1/def_0_pod_0/Sat.jpg used on input line 1160.
(pdftex.def)             Requested size: 426.78317pt x 312.31175pt.

Overfull \hbox (12.13687pt too wide) in paragraph at lines 1160--1162
 [][] 
 []


LaTeX Warning: `!h' float specifier changed to `!ht'.


</mnt/sda2/cortes/Results/17_04/two_phases/19/bcy/10-7_64nz1perm_1cp1/def_0_pod
_0/Estcondnumb.jpg, id=111, 1204.5pt x 903.375pt>
File: /mnt/sda2/cortes/Results/17_04/two_phases/19/bcy/10-7_64nz1perm_1cp1/def_
0_pod_0/Estcondnumb.jpg Graphic file (type jpg)

<use /mnt/sda2/cortes/Results/17_04/two_phases/19/bcy/10-7_64nz1perm_1cp1/def_0
_pod_0/Estcondnumb.jpg>
Package pdftex.def Info: /mnt/sda2/cortes/Results/17_04/two_phases/19/bcy/10-7_
64nz1perm_1cp1/def_0_pod_0/Estcondnumb.jpg used on input line 1172.
(pdftex.def)             Requested size: 199.15665pt x 149.36748pt.


LaTeX Warning: `!h' float specifier changed to `!ht'.

[24 </mnt/sda2/cortes/Results/17_04/two_phases/19/bcy/10-7_64nz1perm_1cp1/def_0
_pod_0/Pressure.jpg>]
Overfull \vbox (10.42923pt too high) has occurred while \output is active []


[25 </mnt/sda2/cortes/Results/17_04/two_phases/19/bcy/10-7_64nz1perm_1cp1/def_0
_pod_0/Sat.jpg> </mnt/sda2/cortes/Results/17_04/two_phases/19/bcy/10-7_64nz1per
m_1cp1/def_0_pod_0/Estcondnumb.jpg>]
</mnt/sda2/cortes/Results/17_04/two_phases/19/bcy/10-7_64nz10perm_1cp0/def_0_po
d_0/Pressure.jpg, id=119, 936.36783pt x 264.46056pt>
File: /mnt/sda2/cortes/Results/17_04/two_phases/19/bcy/10-7_64nz10perm_1cp0/def
_0_pod_0/Pressure.jpg Graphic file (type jpg)

<use /mnt/sda2/cortes/Results/17_04/two_phases/19/bcy/10-7_64nz10perm_1cp0/def_
0_pod_0/Pressure.jpg>
Package pdftex.def Info: /mnt/sda2/cortes/Results/17_04/two_phases/19/bcy/10-7_
64nz10perm_1cp0/def_0_pod_0/Pressure.jpg used on input line 1219.
(pdftex.def)             Requested size: 426.791pt x 120.53957pt.

Overfull \hbox (12.1447pt too wide) in paragraph at lines 1219--1221
 [][] 
 []


</mnt/sda2/cortes/Results/17_04/two_phases/19/bcy/10-7_64nz10perm_1cp0/def_0_po
d_0/Sat.jpg, id=120, 877.45207pt x 642.48824pt>
File: /mnt/sda2/cortes/Results/17_04/two_phases/19/bcy/10-7_64nz10perm_1cp0/def
_0_pod_0/Sat.jpg Graphic file (type jpg)

<use /mnt/sda2/cortes/Results/17_04/two_phases/19/bcy/10-7_64nz10perm_1cp0/def_
0_pod_0/Sat.jpg>
Package pdftex.def Info: /mnt/sda2/cortes/Results/17_04/two_phases/19/bcy/10-7_
64nz10perm_1cp0/def_0_pod_0/Sat.jpg used on input line 1231.
(pdftex.def)             Requested size: 426.79552pt x 312.50835pt.

Overfull \hbox (12.14922pt too wide) in paragraph at lines 1231--1233
 [][] 
 []


LaTeX Warning: `!h' float specifier changed to `!ht'.


</mnt/sda2/cortes/Results/17_04/two_phases/19/bcy/10-7_64nz10perm_1cp0/def_0_po
d_0/Estcondnumb.jpg, id=121, 1204.5pt x 903.375pt>
File: /mnt/sda2/cortes/Results/17_04/two_phases/19/bcy/10-7_64nz10perm_1cp0/def
_0_pod_0/Estcondnumb.jpg Graphic file (type jpg)

<use /mnt/sda2/cortes/Results/17_04/two_phases/19/bcy/10-7_64nz10perm_1cp0/def_
0_pod_0/Estcondnumb.jpg>
Package pdftex.def Info: /mnt/sda2/cortes/Results/17_04/two_phases/19/bcy/10-7_
64nz10perm_1cp0/def_0_pod_0/Estcondnumb.jpg used on input line 1243.
(pdftex.def)             Requested size: 199.15665pt x 149.36748pt.


LaTeX Warning: `!h' float specifier changed to `!ht'.

[26 </mnt/sda2/cortes/Results/17_04/two_phases/19/bcy/10-7_64nz10perm_1cp0/def_
0_pod_0/Pressure.jpg>]
Overfull \vbox (10.62582pt too high) has occurred while \output is active []


[27 </mnt/sda2/cortes/Results/17_04/two_phases/19/bcy/10-7_64nz10perm_1cp0/def_
0_pod_0/Sat.jpg> </mnt/sda2/cortes/Results/17_04/two_phases/19/bcy/10-7_64nz10p
erm_1cp0/def_0_pod_0/Estcondnumb.jpg>]
</mnt/sda2/cortes/Results/17_04/two_phases/19/bcy/10-7_64nz10perm_1cp1/def_0_po
d_0/Pressure.jpg, id=128, 940.29555pt x 262.07802pt>
File: /mnt/sda2/cortes/Results/17_04/two_phases/19/bcy/10-7_64nz10perm_1cp1/def
_0_pod_0/Pressure.jpg Graphic file (type jpg)

<use /mnt/sda2/cortes/Results/17_04/two_phases/19/bcy/10-7_64nz10perm_1cp1/def_
0_pod_0/Pressure.jpg>
Package pdftex.def Info: /mnt/sda2/cortes/Results/17_04/two_phases/19/bcy/10-7_
64nz10perm_1cp1/def_0_pod_0/Pressure.jpg used on input line 1290.
(pdftex.def)             Requested size: 426.78777pt x 118.95375pt.

Overfull \hbox (12.14146pt too wide) in paragraph at lines 1290--1292
 [][] 
 []


</mnt/sda2/cortes/Results/17_04/two_phases/19/bcy/10-7_64nz10perm_1cp1/def_0_po
d_0/Sat.jpg, id=129, 872.7388pt x 638.51736pt>
File: /mnt/sda2/cortes/Results/17_04/two_phases/19/bcy/10-7_64nz10perm_1cp1/def
_0_pod_0/Sat.jpg Graphic file (type jpg)

<use /mnt/sda2/cortes/Results/17_04/two_phases/19/bcy/10-7_64nz10perm_1cp1/def_
0_pod_0/Sat.jpg>
Package pdftex.def Info: /mnt/sda2/cortes/Results/17_04/two_phases/19/bcy/10-7_
64nz10perm_1cp1/def_0_pod_0/Sat.jpg used on input line 1302.
(pdftex.def)             Requested size: 426.79347pt x 312.2527pt.

Overfull \hbox (12.14717pt too wide) in paragraph at lines 1302--1304
 [][] 
 []


LaTeX Warning: `!h' float specifier changed to `!ht'.

File: /mnt/sda2/cortes/Results/17_04/two_phases/19/bcy/10-7_64nz10perm_1cp0/def
_0_pod_0/Estcondnumb.jpg Graphic file (type jpg)

<use /mnt/sda2/cortes/Results/17_04/two_phases/19/bcy/10-7_64nz10perm_1cp0/def_
0_pod_0/Estcondnumb.jpg>
Package pdftex.def Info: /mnt/sda2/cortes/Results/17_04/two_phases/19/bcy/10-7_
64nz10perm_1cp0/def_0_pod_0/Estcondnumb.jpg used on input line 1314.
(pdftex.def)             Requested size: 199.15665pt x 149.36748pt.


LaTeX Warning: `!h' float specifier changed to `!ht'.

[28 </mnt/sda2/cortes/Results/17_04/two_phases/19/bcy/10-7_64nz10perm_1cp1/def_
0_pod_0/Pressure.jpg>]
Overfull \vbox (10.37018pt too high) has occurred while \output is active []


[29 </mnt/sda2/cortes/Results/17_04/two_phases/19/bcy/10-7_64nz10perm_1cp1/def_
0_pod_0/Sat.jpg>]
</mnt/sda2/cortes/Results/17_04/two_phases/20/wells/10-7_64nz1perm_1cp0/def_0_p
od_0/Pressure.jpg, id=136, 940.29555pt x 266.0489pt>
File: /mnt/sda2/cortes/Results/17_04/two_phases/20/wells/10-7_64nz1perm_1cp0/de
f_0_pod_0/Pressure.jpg Graphic file (type jpg)

<use /mnt/sda2/cortes/Results/17_04/two_phases/20/wells/10-7_64nz1perm_1cp0/def
_0_pod_0/Pressure.jpg>
Package pdftex.def Info: /mnt/sda2/cortes/Results/17_04/two_phases/20/wells/10-
7_64nz1perm_1cp0/def_0_pod_0/Pressure.jpg used on input line 1398.
(pdftex.def)             Requested size: 426.78777pt x 120.75609pt.

Overfull \hbox (12.14146pt too wide) in paragraph at lines 1398--1400
 [][] 
 []


LaTeX Warning: `!h' float specifier changed to `!ht'.


</mnt/sda2/cortes/Results/17_04/two_phases/20/wells/10-7_64nz1perm_1cp0/def_0_p
od_0/Sat.jpg, id=137, 873.52435pt x 635.34065pt>
File: /mnt/sda2/cortes/Results/17_04/two_phases/20/wells/10-7_64nz1perm_1cp0/de
f_0_pod_0/Sat.jpg Graphic file (type jpg)

<use /mnt/sda2/cortes/Results/17_04/two_phases/20/wells/10-7_64nz1perm_1cp0/def
_0_pod_0/Sat.jpg>
Package pdftex.def Info: /mnt/sda2/cortes/Results/17_04/two_phases/20/wells/10-
7_64nz1perm_1cp0/def_0_pod_0/Sat.jpg used on input line 1410.
(pdftex.def)             Requested size: 426.79109pt x 310.41805pt.

Overfull \hbox (12.14479pt too wide) in paragraph at lines 1410--1412
 [][] 
 []


LaTeX Warning: `!h' float specifier changed to `!ht'.


</mnt/sda2/cortes/Results/17_04/two_phases/20/wells/10-7_64nz1perm_1cp0/def_0_p
od_0/Estcondnumb.jpg, id=138, 1204.5pt x 903.375pt>
File: /mnt/sda2/cortes/Results/17_04/two_phases/20/wells/10-7_64nz1perm_1cp0/de
f_0_pod_0/Estcondnumb.jpg Graphic file (type jpg)

<use /mnt/sda2/cortes/Results/17_04/two_phases/20/wells/10-7_64nz1perm_1cp0/def
_0_pod_0/Estcondnumb.jpg>
Package pdftex.def Info: /mnt/sda2/cortes/Results/17_04/two_phases/20/wells/10-
7_64nz1perm_1cp0/def_0_pod_0/Estcondnumb.jpg used on input line 1422.
(pdftex.def)             Requested size: 199.15665pt x 149.36748pt.


LaTeX Warning: `!h' float specifier changed to `!ht'.

[30] [31 </mnt/sda2/cortes/Results/17_04/two_phases/20/wells/10-7_64nz1perm_1cp
0/def_0_pod_0/Pressure.jpg> </mnt/sda2/cortes/Results/17_04/two_phases/20/wells
/10-7_64nz1perm_1cp0/def_0_pod_0/Sat.jpg>]
</mnt/sda2/cortes/Results/17_04/two_phases/20/wells/10-7_64nz1perm_1cp1/def_0_p
od_0/Pressure.jpg, id=146, 936.36783pt x 267.63725pt>
File: /mnt/sda2/cortes/Results/17_04/two_phases/20/wells/10-7_64nz1perm_1cp1/de
f_0_pod_0/Pressure.jpg Graphic file (type jpg)

<use /mnt/sda2/cortes/Results/17_04/two_phases/20/wells/10-7_64nz1perm_1cp1/def
_0_pod_0/Pressure.jpg>
Package pdftex.def Info: /mnt/sda2/cortes/Results/17_04/two_phases/20/wells/10-
7_64nz1perm_1cp1/def_0_pod_0/Pressure.jpg used on input line 1472.
(pdftex.def)             Requested size: 426.791pt x 121.98749pt.

Overfull \hbox (12.1447pt too wide) in paragraph at lines 1472--1474
 [][] 
 []


LaTeX Warning: `!h' float specifier changed to `!ht'.


</mnt/sda2/cortes/Results/17_04/two_phases/20/wells/10-7_64nz1perm_1cp1/def_0_p
od_0/Sat.jpg, id=147, 869.59663pt x 634.54648pt>
File: /mnt/sda2/cortes/Results/17_04/two_phases/20/wells/10-7_64nz1perm_1cp1/de
f_0_pod_0/Sat.jpg Graphic file (type jpg)

<use /mnt/sda2/cortes/Results/17_04/two_phases/20/wells/10-7_64nz1perm_1cp1/def
_0_pod_0/Sat.jpg>
Package pdftex.def Info: /mnt/sda2/cortes/Results/17_04/two_phases/20/wells/10-
7_64nz1perm_1cp1/def_0_pod_0/Sat.jpg used on input line 1484.
(pdftex.def)             Requested size: 426.78279pt x 311.4243pt.

Overfull \hbox (12.13649pt too wide) in paragraph at lines 1484--1486
 [][] 
 []


LaTeX Warning: `!h' float specifier changed to `!ht'.


</mnt/sda2/cortes/Results/17_04/two_phases/20/wells/10-7_64nz1perm_1cp1/def_0_p
od_0/Estcondnumb.jpg, id=148, 1204.5pt x 903.375pt>
File: /mnt/sda2/cortes/Results/17_04/two_phases/20/wells/10-7_64nz1perm_1cp1/de
f_0_pod_0/Estcondnumb.jpg Graphic file (type jpg)

<use /mnt/sda2/cortes/Results/17_04/two_phases/20/wells/10-7_64nz1perm_1cp1/def
_0_pod_0/Estcondnumb.jpg>
Package pdftex.def Info: /mnt/sda2/cortes/Results/17_04/two_phases/20/wells/10-
7_64nz1perm_1cp1/def_0_pod_0/Estcondnumb.jpg used on input line 1496.
(pdftex.def)             Requested size: 199.15665pt x 149.36748pt.


LaTeX Warning: `!h' float specifier changed to `!ht'.

[32 </mnt/sda2/cortes/Results/17_04/two_phases/20/wells/10-7_64nz1perm_1cp0/def
_0_pod_0/Estcondnumb.jpg>] [33 </mnt/sda2/cortes/Results/17_04/two_phases/20/we
lls/10-7_64nz1perm_1cp1/def_0_pod_0/Pressure.jpg> </mnt/sda2/cortes/Results/17_
04/two_phases/20/wells/10-7_64nz1perm_1cp1/def_0_pod_0/Sat.jpg>]
</mnt/sda2/cortes/Results/17_04/two_phases/20/wells/10-7_64nz10perm_1cp0/def_0_
pod_0/Pressure.jpg, id=155, 942.65218pt x 267.63725pt>
File: /mnt/sda2/cortes/Results/17_04/two_phases/20/wells/10-7_64nz10perm_1cp0/d
ef_0_pod_0/Pressure.jpg Graphic file (type jpg)

<use /mnt/sda2/cortes/Results/17_04/two_phases/20/wells/10-7_64nz10perm_1cp0/de
f_0_pod_0/Pressure.jpg>
Package pdftex.def Info: /mnt/sda2/cortes/Results/17_04/two_phases/20/wells/10-
7_64nz10perm_1cp0/def_0_pod_0/Pressure.jpg used on input line 1543.
(pdftex.def)             Requested size: 426.79301pt x 121.1748pt.

Overfull \hbox (12.14671pt too wide) in paragraph at lines 1543--1545
 [][] 
 []


LaTeX Warning: `!h' float specifier changed to `!ht'.


</mnt/sda2/cortes/Results/17_04/two_phases/20/wells/10-7_64nz10perm_1cp0/def_0_
pod_0/Sat.jpg, id=156, 866.45445pt x 633.7523pt>
File: /mnt/sda2/cortes/Results/17_04/two_phases/20/wells/10-7_64nz10perm_1cp0/d
ef_0_pod_0/Sat.jpg Graphic file (type jpg)

<use /mnt/sda2/cortes/Results/17_04/two_phases/20/wells/10-7_64nz10perm_1cp0/de
f_0_pod_0/Sat.jpg>
Package pdftex.def Info: /mnt/sda2/cortes/Results/17_04/two_phases/20/wells/10-
7_64nz10perm_1cp0/def_0_pod_0/Sat.jpg used on input line 1555.
(pdftex.def)             Requested size: 426.78752pt x 312.16594pt.

Overfull \hbox (12.14122pt too wide) in paragraph at lines 1555--1557
 [][] 
 []


LaTeX Warning: `!h' float specifier changed to `!ht'.


</mnt/sda2/cortes/Results/17_04/two_phases/20/wells/10-7_64nz10perm_1cp0/def_0_
pod_0/Estcondnumb.jpg, id=157, 1204.5pt x 903.375pt>
File: /mnt/sda2/cortes/Results/17_04/two_phases/20/wells/10-7_64nz10perm_1cp0/d
ef_0_pod_0/Estcondnumb.jpg Graphic file (type jpg)

<use /mnt/sda2/cortes/Results/17_04/two_phases/20/wells/10-7_64nz10perm_1cp0/de
f_0_pod_0/Estcondnumb.jpg>
Package pdftex.def Info: /mnt/sda2/cortes/Results/17_04/two_phases/20/wells/10-
7_64nz10perm_1cp0/def_0_pod_0/Estcondnumb.jpg used on input line 1567.
(pdftex.def)             Requested size: 199.15665pt x 149.36748pt.


LaTeX Warning: `!h' float specifier changed to `!ht'.

[34 </mnt/sda2/cortes/Results/17_04/two_phases/20/wells/10-7_64nz1perm_1cp1/def
_0_pod_0/Estcondnumb.jpg>] [35 </mnt/sda2/cortes/Results/17_04/two_phases/20/we
lls/10-7_64nz10perm_1cp0/def_0_pod_0/Pressure.jpg> </mnt/sda2/cortes/Results/17
_04/two_phases/20/wells/10-7_64nz10perm_1cp0/def_0_pod_0/Sat.jpg>]
</mnt/sda2/cortes/Results/17_04/two_phases/20/wells/10-7_64nz10perm_1cp1/def_0_
pod_0/Pressure.jpg, id=164, 942.65218pt x 263.66637pt>
File: /mnt/sda2/cortes/Results/17_04/two_phases/20/wells/10-7_64nz10perm_1cp1/d
ef_0_pod_0/Pressure.jpg Graphic file (type jpg)

<use /mnt/sda2/cortes/Results/17_04/two_phases/20/wells/10-7_64nz10perm_1cp1/de
f_0_pod_0/Pressure.jpg>
Package pdftex.def Info: /mnt/sda2/cortes/Results/17_04/two_phases/20/wells/10-
7_64nz10perm_1cp1/def_0_pod_0/Pressure.jpg used on input line 1614.
(pdftex.def)             Requested size: 426.79301pt x 119.37695pt.

Overfull \hbox (12.14671pt too wide) in paragraph at lines 1614--1616
 [][] 
 []


LaTeX Warning: `!h' float specifier changed to `!ht'.


</mnt/sda2/cortes/Results/17_04/two_phases/20/wells/10-7_64nz10perm_1cp1/def_0_
pod_0/Sat.jpg, id=165, 863.31229pt x 632.95813pt>
File: /mnt/sda2/cortes/Results/17_04/two_phases/20/wells/10-7_64nz10perm_1cp1/d
ef_0_pod_0/Sat.jpg Graphic file (type jpg)

<use /mnt/sda2/cortes/Results/17_04/two_phases/20/wells/10-7_64nz10perm_1cp1/de
f_0_pod_0/Sat.jpg>
Package pdftex.def Info: /mnt/sda2/cortes/Results/17_04/two_phases/20/wells/10-
7_64nz10perm_1cp1/def_0_pod_0/Sat.jpg used on input line 1626.
(pdftex.def)             Requested size: 426.79422pt x 312.91443pt.

Overfull \hbox (12.14792pt too wide) in paragraph at lines 1626--1628
 [][] 
 []


LaTeX Warning: `!h' float specifier changed to `!ht'.


</mnt/sda2/cortes/Results/17_04/two_phases/20/wells/10-7_64nz10perm_1cp1/def_0_
pod_0/Estcondnumb.jpg, id=166, 1204.5pt x 903.375pt>
File: /mnt/sda2/cortes/Results/17_04/two_phases/20/wells/10-7_64nz10perm_1cp1/d
ef_0_pod_0/Estcondnumb.jpg Graphic file (type jpg)

<use /mnt/sda2/cortes/Results/17_04/two_phases/20/wells/10-7_64nz10perm_1cp1/de
f_0_pod_0/Estcondnumb.jpg>
Package pdftex.def Info: /mnt/sda2/cortes/Results/17_04/two_phases/20/wells/10-
7_64nz10perm_1cp1/def_0_pod_0/Estcondnumb.jpg used on input line 1638.
(pdftex.def)             Requested size: 199.15665pt x 149.36748pt.


LaTeX Warning: `!h' float specifier changed to `!ht'.


Underfull \hbox (badness 10000) in paragraph at lines 1648--1662
[]  $[]$
 []


Underfull \hbox (badness 10000) in paragraph at lines 1648--1662

 []

[36 </mnt/sda2/cortes/Results/17_04/two_phases/20/wells/10-7_64nz10perm_1cp0/de
f_0_pod_0/Estcondnumb.jpg>]
</home/wagm/cortes/Localdisk/Results/17_04/two_phases/27/10-7_64nz10perm_1cp0/d
ef_0_pod_0/Permeability.jpg, id=170, 1204.5pt x 903.375pt>
File: /home/wagm/cortes/Localdisk/Results/17_04/two_phases/27/10-7_64nz10perm_1
cp0/def_0_pod_0/Permeability.jpg Graphic file (type jpg)

<use /home/wagm/cortes/Localdisk/Results/17_04/two_phases/27/10-7_64nz10perm_1c
p0/def_0_pod_0/Permeability.jpg>
Package pdftex.def Info: /home/wagm/cortes/Localdisk/Results/17_04/two_phases/2
7/10-7_64nz10perm_1cp0/def_0_pod_0/Permeability.jpg used on input line 1669.
(pdftex.def)             Requested size: 113.80379pt x 85.35284pt.

</home/wagm/cortes/Localdisk/Results/17_04/two_phases/27/10-7_64nz10perm_1cp0/d
ef_0_pod_0/RelPerm.jpg, id=171, 1204.5pt x 903.375pt>
File: /home/wagm/cortes/Localdisk/Results/17_04/two_phases/27/10-7_64nz10perm_1
cp0/def_0_pod_0/RelPerm.jpg Graphic file (type jpg)

<use /home/wagm/cortes/Localdisk/Results/17_04/two_phases/27/10-7_64nz10perm_1c
p0/def_0_pod_0/RelPerm.jpg>
Package pdftex.def Info: /home/wagm/cortes/Localdisk/Results/17_04/two_phases/2
7/10-7_64nz10perm_1cp0/def_0_pod_0/RelPerm.jpg used on input line 1677.
(pdftex.def)             Requested size: 113.80379pt x 85.35284pt.

</home/wagm/cortes/Localdisk/Results/17_04/two_phases/27/10-7_64nz10perm_1cp0/d
ef_0_pod_0/ISat.jpg, id=172, 1204.5pt x 903.375pt>
File: /home/wagm/cortes/Localdisk/Results/17_04/two_phases/27/10-7_64nz10perm_1
cp0/def_0_pod_0/ISat.jpg Graphic file (type jpg)

<use /home/wagm/cortes/Localdisk/Results/17_04/two_phases/27/10-7_64nz10perm_1c
p0/def_0_pod_0/ISat.jpg>
Package pdftex.def Info: /home/wagm/cortes/Localdisk/Results/17_04/two_phases/2
7/10-7_64nz10perm_1cp0/def_0_pod_0/ISat.jpg used on input line 1685.
(pdftex.def)             Requested size: 142.25475pt x 106.69106pt.

Overfull \hbox (13.5237pt too wide) in paragraph at lines 1665--1690
[]  $[]$  $[]$  $[]$ 
 []


LaTeX Warning: `!h' float specifier changed to `!ht'.

[37 </mnt/sda2/cortes/Results/17_04/two_phases/20/wells/10-7_64nz10perm_1cp1/de
f_0_pod_0/Pressure.jpg> </mnt/sda2/cortes/Results/17_04/two_phases/20/wells/10-
7_64nz10perm_1cp1/def_0_pod_0/Sat.jpg>] [38 </mnt/sda2/cortes/Results/17_04/two
_phases/20/wells/10-7_64nz10perm_1cp1/def_0_pod_0/Estcondnumb.jpg> </home/wagm/
cortes/Localdisk/Results/17_04/two_phases/27/10-7_64nz10perm_1cp0/def_0_pod_0/P
ermeability.jpg> </home/wagm/cortes/Localdisk/Results/17_04/two_phases/27/10-7_
64nz10perm_1cp0/def_0_pod_0/RelPerm.jpg> </home/wagm/cortes/Localdisk/Results/1
7_04/two_phases/27/10-7_64nz10perm_1cp0/def_0_pod_0/ISat.jpg>]
</home/wagm/cortes/Localdisk/Results/17_04/two_phases/27/10-7_64nz10perm_1cp0/d
ef_0_pod_0/Pressure.jpg, id=180, 942.65218pt x 270.01978pt>
File: /home/wagm/cortes/Localdisk/Results/17_04/two_phases/27/10-7_64nz10perm_1
cp0/def_0_pod_0/Pressure.jpg Graphic file (type jpg)

<use /home/wagm/cortes/Localdisk/Results/17_04/two_phases/27/10-7_64nz10perm_1c
p0/def_0_pod_0/Pressure.jpg>
Package pdftex.def Info: /home/wagm/cortes/Localdisk/Results/17_04/two_phases/2
7/10-7_64nz10perm_1cp0/def_0_pod_0/Pressure.jpg used on input line 1755.
(pdftex.def)             Requested size: 426.79301pt x 122.25351pt.

Overfull \hbox (12.14671pt too wide) in paragraph at lines 1755--1757
 [][] 
 []


</home/wagm/cortes/Localdisk/Results/17_04/two_phases/27/10-7_64nz10perm_1cp0/d
ef_0_pod_0/Sat.jpg, id=181, 871.16772pt x 635.34065pt>
File: /home/wagm/cortes/Localdisk/Results/17_04/two_phases/27/10-7_64nz10perm_1
cp0/def_0_pod_0/Sat.jpg Graphic file (type jpg)

<use /home/wagm/cortes/Localdisk/Results/17_04/two_phases/27/10-7_64nz10perm_1c
p0/def_0_pod_0/Sat.jpg>
Package pdftex.def Info: /home/wagm/cortes/Localdisk/Results/17_04/two_phases/2
7/10-7_64nz10perm_1cp0/def_0_pod_0/Sat.jpg used on input line 1767.
(pdftex.def)             Requested size: 426.78287pt x 311.25179pt.

Overfull \hbox (12.13657pt too wide) in paragraph at lines 1767--1769
 [][] 
 []


LaTeX Warning: `!h' float specifier changed to `!ht'.


</home/wagm/cortes/Localdisk/Results/17_04/two_phases/27/10-7_64nz10perm_1cp0/d
ef_0_pod_0/Estcondnumb.jpg, id=182, 1204.5pt x 903.375pt>
File: /home/wagm/cortes/Localdisk/Results/17_04/two_phases/27/10-7_64nz10perm_1
cp0/def_0_pod_0/Estcondnumb.jpg Graphic file (type jpg)

<use /home/wagm/cortes/Localdisk/Results/17_04/two_phases/27/10-7_64nz10perm_1c
p0/def_0_pod_0/Estcondnumb.jpg>
Package pdftex.def Info: /home/wagm/cortes/Localdisk/Results/17_04/two_phases/2
7/10-7_64nz10perm_1cp0/def_0_pod_0/Estcondnumb.jpg used on input line 1779.
(pdftex.def)             Requested size: 199.15665pt x 149.36748pt.


LaTeX Warning: `!h' float specifier changed to `!ht'.

[39 </home/wagm/cortes/Localdisk/Results/17_04/two_phases/27/10-7_64nz10perm_1c
p0/def_0_pod_0/Pressure.jpg>] [40 </home/wagm/cortes/Localdisk/Results/17_04/tw
o_phases/27/10-7_64nz10perm_1cp0/def_0_pod_0/Sat.jpg> </home/wagm/cortes/Locald
isk/Results/17_04/two_phases/27/10-7_64nz10perm_1cp0/def_0_pod_0/Estcondnumb.jp
g>]
</mnt/sda2/cortes/Results/17_04/two_phases/25/spe/spe10-7_nz10cp1/def_0_pod_0/P
ressure.jpg, id=189, 630.00587pt x 555.92308pt>
File: /mnt/sda2/cortes/Results/17_04/two_phases/25/spe/spe10-7_nz10cp1/def_0_po
d_0/Pressure.jpg Graphic file (type jpg)

<use /mnt/sda2/cortes/Results/17_04/two_phases/25/spe/spe10-7_nz10cp1/def_0_pod
_0/Pressure.jpg>
Package pdftex.def Info: /mnt/sda2/cortes/Results/17_04/two_phases/25/spe/spe10
-7_nz10cp1/def_0_pod_0/Pressure.jpg used on input line 1822.
(pdftex.def)             Requested size: 199.16426pt x 175.7444pt.

</mnt/sda2/cortes/Results/17_04/two_phases/25/spe/spe10-7_nz10cp1/def_0_pod_0/S
at.jpg, id=190, 941.86662pt x 474.91714pt>
File: /mnt/sda2/cortes/Results/17_04/two_phases/25/spe/spe10-7_nz10cp1/def_0_po
d_0/Sat.jpg Graphic file (type jpg)

<use /mnt/sda2/cortes/Results/17_04/two_phases/25/spe/spe10-7_nz10cp1/def_0_pod
_0/Sat.jpg>
Package pdftex.def Info: /mnt/sda2/cortes/Results/17_04/two_phases/25/spe/spe10
-7_nz10cp1/def_0_pod_0/Sat.jpg used on input line 1834.
(pdftex.def)             Requested size: 284.53108pt x 143.46902pt.


LaTeX Warning: `!h' float specifier changed to `!ht'.


</mnt/sda2/cortes/Results/17_04/two_phases/25/spe/spe10-7_nz10cp1/def_0_pod_0/E
stcondnumb.jpg, id=191, 1204.5pt x 903.375pt>
File: /mnt/sda2/cortes/Results/17_04/two_phases/25/spe/spe10-7_nz10cp1/def_0_po
d_0/Estcondnumb.jpg Graphic file (type jpg)

<use /mnt/sda2/cortes/Results/17_04/two_phases/25/spe/spe10-7_nz10cp1/def_0_pod
_0/Estcondnumb.jpg>
Package pdftex.def Info: /mnt/sda2/cortes/Results/17_04/two_phases/25/spe/spe10
-7_nz10cp1/def_0_pod_0/Estcondnumb.jpg used on input line 1846.
(pdftex.def)             Requested size: 199.15665pt x 149.36748pt.


LaTeX Warning: `!h' float specifier changed to `!ht'.

[41 </mnt/sda2/cortes/Results/17_04/two_phases/25/spe/spe10-7_nz10cp1/def_0_pod
_0/Pressure.jpg>] [42 </mnt/sda2/cortes/Results/17_04/two_phases/25/spe/spe10-7
_nz10cp1/def_0_pod_0/Sat.jpg> </mnt/sda2/cortes/Results/17_04/two_phases/25/spe
/spe10-7_nz10cp1/def_0_pod_0/Estcondnumb.jpg>]
Underfull \hbox (badness 10000) in paragraph at lines 1922--1936
[]  $[]$
 []


Underfull \hbox (badness 10000) in paragraph at lines 1922--1936

 []

[43

]
</home/wagm/cortes/Localdisk/Results/17_05/two_phases/eigs/08/10-7_27nz1perm_1c
p0/def_0_pod_0/Estcondnumb.jpg, id=202, 1204.5pt x 903.375pt>
File: /home/wagm/cortes/Localdisk/Results/17_05/two_phases/eigs/08/10-7_27nz1pe
rm_1cp0/def_0_pod_0/Estcondnumb.jpg Graphic file (type jpg)

<use /home/wagm/cortes/Localdisk/Results/17_05/two_phases/eigs/08/10-7_27nz1per
m_1cp0/def_0_pod_0/Estcondnumb.jpg>
Package pdftex.def Info: /home/wagm/cortes/Localdisk/Results/17_05/two_phases/e
igs/08/10-7_27nz1perm_1cp0/def_0_pod_0/Estcondnumb.jpg used on input line 1943.

(pdftex.def)             Requested size: 227.60759pt x 170.70569pt.

</home/wagm/cortes/Localdisk/Results/17_05/two_phases/eigs/08/10-7_27nz1perm_1c
p0/def_0_pod_0/condest.jpg, id=203, 1204.5pt x 903.375pt>
File: /home/wagm/cortes/Localdisk/Results/17_05/two_phases/eigs/08/10-7_27nz1pe
rm_1cp0/def_0_pod_0/condest.jpg Graphic file (type jpg)

<use /home/wagm/cortes/Localdisk/Results/17_05/two_phases/eigs/08/10-7_27nz1per
m_1cp0/def_0_pod_0/condest.jpg>
Package pdftex.def Info: /home/wagm/cortes/Localdisk/Results/17_05/two_phases/e
igs/08/10-7_27nz1perm_1cp0/def_0_pod_0/condest.jpg used on input line 1951.
(pdftex.def)             Requested size: 227.60759pt x 170.70569pt.

</home/wagm/cortes/Localdisk/Results/17_05/two_phases/eigs/08/10-7_27nz1perm_1c
p0/def_1_pod_0/condest_1.jpg, id=204, 1204.5pt x 903.375pt>
File: /home/wagm/cortes/Localdisk/Results/17_05/two_phases/eigs/08/10-7_27nz1pe
rm_1cp0/def_1_pod_0/condest_1.jpg Graphic file (type jpg)

<use /home/wagm/cortes/Localdisk/Results/17_05/two_phases/eigs/08/10-7_27nz1per
m_1cp0/def_1_pod_0/condest_1.jpg>
Package pdftex.def Info: /home/wagm/cortes/Localdisk/Results/17_05/two_phases/e
igs/08/10-7_27nz1perm_1cp0/def_1_pod_0/condest_1.jpg used on input line 1961.
(pdftex.def)             Requested size: 227.60759pt x 170.70569pt.

</home/wagm/cortes/Localdisk/Results/17_05/two_phases/eigs/08/10-7_27nz1perm_1c
p0/def_1_pod_10/condest_1.jpg, id=205, 1204.5pt x 903.375pt>
File: /home/wagm/cortes/Localdisk/Results/17_05/two_phases/eigs/08/10-7_27nz1pe
rm_1cp0/def_1_pod_10/condest_1.jpg Graphic file (type jpg)

<use /home/wagm/cortes/Localdisk/Results/17_05/two_phases/eigs/08/10-7_27nz1per
m_1cp0/def_1_pod_10/condest_1.jpg>
Package pdftex.def Info: /home/wagm/cortes/Localdisk/Results/17_05/two_phases/e
igs/08/10-7_27nz1perm_1cp0/def_1_pod_10/condest_1.jpg used on input line 1969.
(pdftex.def)             Requested size: 227.60759pt x 170.70569pt.

</home/wagm/cortes/Localdisk/Results/17_05/two_phases/eigs/08/10-7_27nz1perm_1c
p0/def_1_pod_0/Iterations.jpg, id=206, 1204.5pt x 903.375pt>
File: /home/wagm/cortes/Localdisk/Results/17_05/two_phases/eigs/08/10-7_27nz1pe
rm_1cp0/def_1_pod_0/Iterations.jpg Graphic file (type jpg)

<use /home/wagm/cortes/Localdisk/Results/17_05/two_phases/eigs/08/10-7_27nz1per
m_1cp0/def_1_pod_0/Iterations.jpg>
Package pdftex.def Info: /home/wagm/cortes/Localdisk/Results/17_05/two_phases/e
igs/08/10-7_27nz1perm_1cp0/def_1_pod_0/Iterations.jpg used on input line 1980.
(pdftex.def)             Requested size: 142.25475pt x 106.69106pt.

Overfull \hbox (4.03697pt too wide) in paragraph at lines 1980--1981
 [][] 
 []


</home/wagm/cortes/Localdisk/Results/17_05/two_phases/eigs/08/10-7_27nz1perm_1c
p0/def_1_pod_10/Iterations.jpg, id=207, 1204.5pt x 903.375pt>
File: /home/wagm/cortes/Localdisk/Results/17_05/two_phases/eigs/08/10-7_27nz1pe
rm_1cp0/def_1_pod_10/Iterations.jpg Graphic file (type jpg)

<use /home/wagm/cortes/Localdisk/Results/17_05/two_phases/eigs/08/10-7_27nz1per
m_1cp0/def_1_pod_10/Iterations.jpg>
Package pdftex.def Info: /home/wagm/cortes/Localdisk/Results/17_05/two_phases/e
igs/08/10-7_27nz1perm_1cp0/def_1_pod_10/Iterations.jpg used on input line 1988.

(pdftex.def)             Requested size: 142.25475pt x 106.69106pt.

Overfull \hbox (4.03697pt too wide) in paragraph at lines 1988--1989
 [][] 
 []


</home/wagm/cortes/Localdisk/Results/17_05/two_phases/eigs/08/10-7_27nz1perm_1c
p0/def_1_pod_5/Iterations.jpg, id=208, 1204.5pt x 903.375pt>
File: /home/wagm/cortes/Localdisk/Results/17_05/two_phases/eigs/08/10-7_27nz1pe
rm_1cp0/def_1_pod_5/Iterations.jpg Graphic file (type jpg)

<use /home/wagm/cortes/Localdisk/Results/17_05/two_phases/eigs/08/10-7_27nz1per
m_1cp0/def_1_pod_5/Iterations.jpg>
Package pdftex.def Info: /home/wagm/cortes/Localdisk/Results/17_05/two_phases/e
igs/08/10-7_27nz1perm_1cp0/def_1_pod_5/Iterations.jpg used on input line 1996.
(pdftex.def)             Requested size: 142.25475pt x 106.69106pt.

Overfull \hbox (4.03697pt too wide) in paragraph at lines 1996--1997
 [][] 
 []

[44 </home/wagm/cortes/Localdisk/Results/17_05/two_phases/eigs/08/10-7_27nz1per
m_1cp0/def_0_pod_0/Estcondnumb.jpg> </home/wagm/cortes/Localdisk/Results/17_05/
two_phases/eigs/08/10-7_27nz1perm_1cp0/def_0_pod_0/condest.jpg> </home/wagm/cor
tes/Localdisk/Results/17_05/two_phases/eigs/08/10-7_27nz1perm_1cp0/def_1_pod_0/
condest_1.jpg> </home/wagm/cortes/Localdisk/Results/17_05/two_phases/eigs/08/10
-7_27nz1perm_1cp0/def_1_pod_10/condest_1.jpg> </home/wagm/cortes/Localdisk/Resu
lts/17_05/two_phases/eigs/08/10-7_27nz1perm_1cp0/def_1_pod_0/Iterations.jpg> </
home/wagm/cortes/Localdisk/Results/17_05/two_phases/eigs/08/10-7_27nz1perm_1cp0
/def_1_pod_10/Iterations.jpg> </home/wagm/cortes/Localdisk/Results/17_05/two_ph
ases/eigs/08/10-7_27nz1perm_1cp0/def_1_pod_5/Iterations.jpg>]
</home/wagm/cortes/Localdisk/Results/17_05/two_phases/eigs/08/10-7_27nz1perm_7c
p0/def_0_pod_0/Estcondnumb.jpg, id=215, 1204.5pt x 903.375pt>
File: /home/wagm/cortes/Localdisk/Results/17_05/two_phases/eigs/08/10-7_27nz1pe
rm_7cp0/def_0_pod_0/Estcondnumb.jpg Graphic file (type jpg)

<use /home/wagm/cortes/Localdisk/Results/17_05/two_phases/eigs/08/10-7_27nz1per
m_7cp0/def_0_pod_0/Estcondnumb.jpg>
Package pdftex.def Info: /home/wagm/cortes/Localdisk/Results/17_05/two_phases/e
igs/08/10-7_27nz1perm_7cp0/def_0_pod_0/Estcondnumb.jpg used on input line 2009.

(pdftex.def)             Requested size: 227.60759pt x 170.70569pt.

</home/wagm/cortes/Localdisk/Results/17_05/two_phases/eigs/08/10-7_27nz1perm_7c
p0/def_0_pod_0/condest.jpg, id=216, 1204.5pt x 903.375pt>
File: /home/wagm/cortes/Localdisk/Results/17_05/two_phases/eigs/08/10-7_27nz1pe
rm_7cp0/def_0_pod_0/condest.jpg Graphic file (type jpg)

<use /home/wagm/cortes/Localdisk/Results/17_05/two_phases/eigs/08/10-7_27nz1per
m_7cp0/def_0_pod_0/condest.jpg>
Package pdftex.def Info: /home/wagm/cortes/Localdisk/Results/17_05/two_phases/e
igs/08/10-7_27nz1perm_7cp0/def_0_pod_0/condest.jpg used on input line 2017.
(pdftex.def)             Requested size: 227.60759pt x 170.70569pt.

</home/wagm/cortes/Localdisk/Results/17_05/two_phases/eigs/08/10-7_27nz1perm_7c
p0/def_1_pod_0/condest_1.jpg, id=217, 1204.5pt x 903.375pt>
File: /home/wagm/cortes/Localdisk/Results/17_05/two_phases/eigs/08/10-7_27nz1pe
rm_7cp0/def_1_pod_0/condest_1.jpg Graphic file (type jpg)

<use /home/wagm/cortes/Localdisk/Results/17_05/two_phases/eigs/08/10-7_27nz1per
m_7cp0/def_1_pod_0/condest_1.jpg>
Package pdftex.def Info: /home/wagm/cortes/Localdisk/Results/17_05/two_phases/e
igs/08/10-7_27nz1perm_7cp0/def_1_pod_0/condest_1.jpg used on input line 2027.
(pdftex.def)             Requested size: 227.60759pt x 170.70569pt.

</home/wagm/cortes/Localdisk/Results/17_05/two_phases/eigs/08/10-7_27nz1perm_7c
p0/def_1_pod_10/condest_1.jpg, id=218, 1204.5pt x 903.375pt>
File: /home/wagm/cortes/Localdisk/Results/17_05/two_phases/eigs/08/10-7_27nz1pe
rm_7cp0/def_1_pod_10/condest_1.jpg Graphic file (type jpg)

<use /home/wagm/cortes/Localdisk/Results/17_05/two_phases/eigs/08/10-7_27nz1per
m_7cp0/def_1_pod_10/condest_1.jpg>
Package pdftex.def Info: /home/wagm/cortes/Localdisk/Results/17_05/two_phases/e
igs/08/10-7_27nz1perm_7cp0/def_1_pod_10/condest_1.jpg used on input line 2035.
(pdftex.def)             Requested size: 227.60759pt x 170.70569pt.

</home/wagm/cortes/Localdisk/Results/17_05/two_phases/eigs/08/10-7_27nz1perm_7c
p0/def_1_pod_0/Iterations.jpg, id=219, 1204.5pt x 903.375pt>
File: /home/wagm/cortes/Localdisk/Results/17_05/two_phases/eigs/08/10-7_27nz1pe
rm_7cp0/def_1_pod_0/Iterations.jpg Graphic file (type jpg)

<use /home/wagm/cortes/Localdisk/Results/17_05/two_phases/eigs/08/10-7_27nz1per
m_7cp0/def_1_pod_0/Iterations.jpg>
Package pdftex.def Info: /home/wagm/cortes/Localdisk/Results/17_05/two_phases/e
igs/08/10-7_27nz1perm_7cp0/def_1_pod_0/Iterations.jpg used on input line 2045.
(pdftex.def)             Requested size: 142.25475pt x 106.69106pt.

Overfull \hbox (4.03697pt too wide) in paragraph at lines 2045--2046
 [][] 
 []


</home/wagm/cortes/Localdisk/Results/17_05/two_phases/eigs/08/10-7_27nz1perm_7c
p0/def_1_pod_10/Iterations.jpg, id=220, 1204.5pt x 903.375pt>
File: /home/wagm/cortes/Localdisk/Results/17_05/two_phases/eigs/08/10-7_27nz1pe
rm_7cp0/def_1_pod_10/Iterations.jpg Graphic file (type jpg)

<use /home/wagm/cortes/Localdisk/Results/17_05/two_phases/eigs/08/10-7_27nz1per
m_7cp0/def_1_pod_10/Iterations.jpg>
Package pdftex.def Info: /home/wagm/cortes/Localdisk/Results/17_05/two_phases/e
igs/08/10-7_27nz1perm_7cp0/def_1_pod_10/Iterations.jpg used on input line 2053.

(pdftex.def)             Requested size: 142.25475pt x 106.69106pt.

Overfull \hbox (4.03697pt too wide) in paragraph at lines 2053--2054
 [][] 
 []


</home/wagm/cortes/Localdisk/Results/17_05/two_phases/eigs/08/10-7_27nz1perm_7c
p0/def_1_pod_5/Iterations.jpg, id=221, 1204.5pt x 903.375pt>
File: /home/wagm/cortes/Localdisk/Results/17_05/two_phases/eigs/08/10-7_27nz1pe
rm_7cp0/def_1_pod_5/Iterations.jpg Graphic file (type jpg)

<use /home/wagm/cortes/Localdisk/Results/17_05/two_phases/eigs/08/10-7_27nz1per
m_7cp0/def_1_pod_5/Iterations.jpg>
Package pdftex.def Info: /home/wagm/cortes/Localdisk/Results/17_05/two_phases/e
igs/08/10-7_27nz1perm_7cp0/def_1_pod_5/Iterations.jpg used on input line 2061.
(pdftex.def)             Requested size: 142.25475pt x 106.69106pt.

Overfull \hbox (4.03697pt too wide) in paragraph at lines 2061--2062
 [][] 
 []

[45 </home/wagm/cortes/Localdisk/Results/17_05/two_phases/eigs/08/10-7_27nz1per
m_7cp0/def_0_pod_0/Estcondnumb.jpg> </home/wagm/cortes/Localdisk/Results/17_05/
two_phases/eigs/08/10-7_27nz1perm_7cp0/def_0_pod_0/condest.jpg> </home/wagm/cor
tes/Localdisk/Results/17_05/two_phases/eigs/08/10-7_27nz1perm_7cp0/def_1_pod_0/
condest_1.jpg> </home/wagm/cortes/Localdisk/Results/17_05/two_phases/eigs/08/10
-7_27nz1perm_7cp0/def_1_pod_10/condest_1.jpg> </home/wagm/cortes/Localdisk/Resu
lts/17_05/two_phases/eigs/08/10-7_27nz1perm_7cp0/def_1_pod_0/Iterations.jpg> </
home/wagm/cortes/Localdisk/Results/17_05/two_phases/eigs/08/10-7_27nz1perm_7cp0
/def_1_pod_10/Iterations.jpg> </home/wagm/cortes/Localdisk/Results/17_05/two_ph
ases/eigs/08/10-7_27nz1perm_7cp0/def_1_pod_5/Iterations.jpg>]
</home/wagm/cortes/Localdisk/Results/17_05/two_phases/eigs/08/10-7_27nz1perm_1c
p1/def_0_pod_0/Estcondnumb.jpg, id=225, 1204.5pt x 903.375pt>
File: /home/wagm/cortes/Localdisk/Results/17_05/two_phases/eigs/08/10-7_27nz1pe
rm_1cp1/def_0_pod_0/Estcondnumb.jpg Graphic file (type jpg)

<use /home/wagm/cortes/Localdisk/Results/17_05/two_phases/eigs/08/10-7_27nz1per
m_1cp1/def_0_pod_0/Estcondnumb.jpg>
Package pdftex.def Info: /home/wagm/cortes/Localdisk/Results/17_05/two_phases/e
igs/08/10-7_27nz1perm_1cp1/def_0_pod_0/Estcondnumb.jpg used on input line 2073.

(pdftex.def)             Requested size: 227.60759pt x 170.70569pt.

</home/wagm/cortes/Localdisk/Results/17_05/two_phases/eigs/08/10-7_27nz1perm_1c
p1/def_0_pod_0/condest.jpg, id=226, 1204.5pt x 903.375pt>
File: /home/wagm/cortes/Localdisk/Results/17_05/two_phases/eigs/08/10-7_27nz1pe
rm_1cp1/def_0_pod_0/condest.jpg Graphic file (type jpg)

<use /home/wagm/cortes/Localdisk/Results/17_05/two_phases/eigs/08/10-7_27nz1per
m_1cp1/def_0_pod_0/condest.jpg>
Package pdftex.def Info: /home/wagm/cortes/Localdisk/Results/17_05/two_phases/e
igs/08/10-7_27nz1perm_1cp1/def_0_pod_0/condest.jpg used on input line 2081.
(pdftex.def)             Requested size: 227.60759pt x 170.70569pt.

</home/wagm/cortes/Localdisk/Results/17_05/two_phases/eigs/08/10-7_27nz1perm_1c
p1/def_1_pod_0/condest_1.jpg, id=227, 1204.5pt x 903.375pt>
File: /home/wagm/cortes/Localdisk/Results/17_05/two_phases/eigs/08/10-7_27nz1pe
rm_1cp1/def_1_pod_0/condest_1.jpg Graphic file (type jpg)

<use /home/wagm/cortes/Localdisk/Results/17_05/two_phases/eigs/08/10-7_27nz1per
m_1cp1/def_1_pod_0/condest_1.jpg>
Package pdftex.def Info: /home/wagm/cortes/Localdisk/Results/17_05/two_phases/e
igs/08/10-7_27nz1perm_1cp1/def_1_pod_0/condest_1.jpg used on input line 2091.
(pdftex.def)             Requested size: 227.60759pt x 170.70569pt.

</home/wagm/cortes/Localdisk/Results/17_05/two_phases/eigs/08/10-7_27nz1perm_1c
p1/def_1_pod_10/condest_1.jpg, id=228, 1204.5pt x 903.375pt>
File: /home/wagm/cortes/Localdisk/Results/17_05/two_phases/eigs/08/10-7_27nz1pe
rm_1cp1/def_1_pod_10/condest_1.jpg Graphic file (type jpg)

<use /home/wagm/cortes/Localdisk/Results/17_05/two_phases/eigs/08/10-7_27nz1per
m_1cp1/def_1_pod_10/condest_1.jpg>
Package pdftex.def Info: /home/wagm/cortes/Localdisk/Results/17_05/two_phases/e
igs/08/10-7_27nz1perm_1cp1/def_1_pod_10/condest_1.jpg used on input line 2099.
(pdftex.def)             Requested size: 227.60759pt x 170.70569pt.

</home/wagm/cortes/Localdisk/Results/17_05/two_phases/eigs/08/10-7_27nz1perm_1c
p1/def_1_pod_0/Iterations.jpg, id=229, 1204.5pt x 903.375pt>
File: /home/wagm/cortes/Localdisk/Results/17_05/two_phases/eigs/08/10-7_27nz1pe
rm_1cp1/def_1_pod_0/Iterations.jpg Graphic file (type jpg)

<use /home/wagm/cortes/Localdisk/Results/17_05/two_phases/eigs/08/10-7_27nz1per
m_1cp1/def_1_pod_0/Iterations.jpg>
Package pdftex.def Info: /home/wagm/cortes/Localdisk/Results/17_05/two_phases/e
igs/08/10-7_27nz1perm_1cp1/def_1_pod_0/Iterations.jpg used on input line 2110.
(pdftex.def)             Requested size: 142.25475pt x 106.69106pt.

Overfull \hbox (4.03697pt too wide) in paragraph at lines 2110--2111
 [][] 
 []


</home/wagm/cortes/Localdisk/Results/17_05/two_phases/eigs/08/10-7_27nz1perm_1c
p1/def_1_pod_10/Iterations.jpg, id=230, 1204.5pt x 903.375pt>
File: /home/wagm/cortes/Localdisk/Results/17_05/two_phases/eigs/08/10-7_27nz1pe
rm_1cp1/def_1_pod_10/Iterations.jpg Graphic file (type jpg)

<use /home/wagm/cortes/Localdisk/Results/17_05/two_phases/eigs/08/10-7_27nz1per
m_1cp1/def_1_pod_10/Iterations.jpg>
Package pdftex.def Info: /home/wagm/cortes/Localdisk/Results/17_05/two_phases/e
igs/08/10-7_27nz1perm_1cp1/def_1_pod_10/Iterations.jpg used on input line 2118.

(pdftex.def)             Requested size: 142.25475pt x 106.69106pt.

Overfull \hbox (4.03697pt too wide) in paragraph at lines 2118--2119
 [][] 
 []


</home/wagm/cortes/Localdisk/Results/17_05/two_phases/eigs/08/10-7_27nz1perm_1c
p1/def_1_pod_5/Iterations.jpg, id=231, 1204.5pt x 903.375pt>
File: /home/wagm/cortes/Localdisk/Results/17_05/two_phases/eigs/08/10-7_27nz1pe
rm_1cp1/def_1_pod_5/Iterations.jpg Graphic file (type jpg)

<use /home/wagm/cortes/Localdisk/Results/17_05/two_phases/eigs/08/10-7_27nz1per
m_1cp1/def_1_pod_5/Iterations.jpg>
Package pdftex.def Info: /home/wagm/cortes/Localdisk/Results/17_05/two_phases/e
igs/08/10-7_27nz1perm_1cp1/def_1_pod_5/Iterations.jpg used on input line 2126.
(pdftex.def)             Requested size: 142.25475pt x 106.69106pt.

Overfull \hbox (4.03697pt too wide) in paragraph at lines 2126--2127
 [][] 
 []

[46 </home/wagm/cortes/Localdisk/Results/17_05/two_phases/eigs/08/10-7_27nz1per
m_1cp1/def_0_pod_0/Estcondnumb.jpg> </home/wagm/cortes/Localdisk/Results/17_05/
two_phases/eigs/08/10-7_27nz1perm_1cp1/def_0_pod_0/condest.jpg> </home/wagm/cor
tes/Localdisk/Results/17_05/two_phases/eigs/08/10-7_27nz1perm_1cp1/def_1_pod_0/
condest_1.jpg> </home/wagm/cortes/Localdisk/Results/17_05/two_phases/eigs/08/10
-7_27nz1perm_1cp1/def_1_pod_10/condest_1.jpg> </home/wagm/cortes/Localdisk/Resu
lts/17_05/two_phases/eigs/08/10-7_27nz1perm_1cp1/def_1_pod_0/Iterations.jpg> </
home/wagm/cortes/Localdisk/Results/17_05/two_phases/eigs/08/10-7_27nz1perm_1cp1
/def_1_pod_10/Iterations.jpg> </home/wagm/cortes/Localdisk/Results/17_05/two_ph
ases/eigs/08/10-7_27nz1perm_1cp1/def_1_pod_5/Iterations.jpg>]
</home/wagm/cortes/Localdisk/Results/17_05/two_phases/eigs/08/10-7_27nz1perm_7c
p1/def_0_pod_0/Estcondnumb.jpg, id=235, 1204.5pt x 903.375pt>
File: /home/wagm/cortes/Localdisk/Results/17_05/two_phases/eigs/08/10-7_27nz1pe
rm_7cp1/def_0_pod_0/Estcondnumb.jpg Graphic file (type jpg)

<use /home/wagm/cortes/Localdisk/Results/17_05/two_phases/eigs/08/10-7_27nz1per
m_7cp1/def_0_pod_0/Estcondnumb.jpg>
Package pdftex.def Info: /home/wagm/cortes/Localdisk/Results/17_05/two_phases/e
igs/08/10-7_27nz1perm_7cp1/def_0_pod_0/Estcondnumb.jpg used on input line 2139.

(pdftex.def)             Requested size: 227.60759pt x 170.70569pt.

</home/wagm/cortes/Localdisk/Results/17_05/two_phases/eigs/08/10-7_27nz1perm_7c
p1/def_0_pod_0/condest.jpg, id=236, 1204.5pt x 903.375pt>
File: /home/wagm/cortes/Localdisk/Results/17_05/two_phases/eigs/08/10-7_27nz1pe
rm_7cp1/def_0_pod_0/condest.jpg Graphic file (type jpg)

<use /home/wagm/cortes/Localdisk/Results/17_05/two_phases/eigs/08/10-7_27nz1per
m_7cp1/def_0_pod_0/condest.jpg>
Package pdftex.def Info: /home/wagm/cortes/Localdisk/Results/17_05/two_phases/e
igs/08/10-7_27nz1perm_7cp1/def_0_pod_0/condest.jpg used on input line 2147.
(pdftex.def)             Requested size: 227.60759pt x 170.70569pt.

</home/wagm/cortes/Localdisk/Results/17_05/two_phases/eigs/08/10-7_27nz1perm_7c
p1/def_1_pod_0/condest_1.jpg, id=237, 1204.5pt x 903.375pt>
File: /home/wagm/cortes/Localdisk/Results/17_05/two_phases/eigs/08/10-7_27nz1pe
rm_7cp1/def_1_pod_0/condest_1.jpg Graphic file (type jpg)

<use /home/wagm/cortes/Localdisk/Results/17_05/two_phases/eigs/08/10-7_27nz1per
m_7cp1/def_1_pod_0/condest_1.jpg>
Package pdftex.def Info: /home/wagm/cortes/Localdisk/Results/17_05/two_phases/e
igs/08/10-7_27nz1perm_7cp1/def_1_pod_0/condest_1.jpg used on input line 2157.
(pdftex.def)             Requested size: 227.60759pt x 170.70569pt.

</home/wagm/cortes/Localdisk/Results/17_05/two_phases/eigs/08/10-7_27nz1perm_7c
p1/def_1_pod_10/condest_1.jpg, id=238, 1204.5pt x 903.375pt>
File: /home/wagm/cortes/Localdisk/Results/17_05/two_phases/eigs/08/10-7_27nz1pe
rm_7cp1/def_1_pod_10/condest_1.jpg Graphic file (type jpg)

<use /home/wagm/cortes/Localdisk/Results/17_05/two_phases/eigs/08/10-7_27nz1per
m_7cp1/def_1_pod_10/condest_1.jpg>
Package pdftex.def Info: /home/wagm/cortes/Localdisk/Results/17_05/two_phases/e
igs/08/10-7_27nz1perm_7cp1/def_1_pod_10/condest_1.jpg used on input line 2165.
(pdftex.def)             Requested size: 227.60759pt x 170.70569pt.

</home/wagm/cortes/Localdisk/Results/17_05/two_phases/eigs/08/10-7_27nz1perm_7c
p1/def_1_pod_0/Iterations.jpg, id=239, 1204.5pt x 903.375pt>
File: /home/wagm/cortes/Localdisk/Results/17_05/two_phases/eigs/08/10-7_27nz1pe
rm_7cp1/def_1_pod_0/Iterations.jpg Graphic file (type jpg)

<use /home/wagm/cortes/Localdisk/Results/17_05/two_phases/eigs/08/10-7_27nz1per
m_7cp1/def_1_pod_0/Iterations.jpg>
Package pdftex.def Info: /home/wagm/cortes/Localdisk/Results/17_05/two_phases/e
igs/08/10-7_27nz1perm_7cp1/def_1_pod_0/Iterations.jpg used on input line 2174.
(pdftex.def)             Requested size: 142.25475pt x 106.69106pt.

Overfull \hbox (4.03697pt too wide) in paragraph at lines 2174--2175
 [][] 
 []


</home/wagm/cortes/Localdisk/Results/17_05/two_phases/eigs/08/10-7_27nz1perm_7c
p1/def_1_pod_10/Iterations.jpg, id=240, 1204.5pt x 903.375pt>
File: /home/wagm/cortes/Localdisk/Results/17_05/two_phases/eigs/08/10-7_27nz1pe
rm_7cp1/def_1_pod_10/Iterations.jpg Graphic file (type jpg)

<use /home/wagm/cortes/Localdisk/Results/17_05/two_phases/eigs/08/10-7_27nz1per
m_7cp1/def_1_pod_10/Iterations.jpg>
Package pdftex.def Info: /home/wagm/cortes/Localdisk/Results/17_05/two_phases/e
igs/08/10-7_27nz1perm_7cp1/def_1_pod_10/Iterations.jpg used on input line 2182.

(pdftex.def)             Requested size: 142.25475pt x 106.69106pt.

Overfull \hbox (4.03697pt too wide) in paragraph at lines 2182--2183
 [][] 
 []


</home/wagm/cortes/Localdisk/Results/17_05/two_phases/eigs/08/10-7_27nz1perm_7c
p1/def_1_pod_5/Iterations.jpg, id=241, 1204.5pt x 903.375pt>
File: /home/wagm/cortes/Localdisk/Results/17_05/two_phases/eigs/08/10-7_27nz1pe
rm_7cp1/def_1_pod_5/Iterations.jpg Graphic file (type jpg)

<use /home/wagm/cortes/Localdisk/Results/17_05/two_phases/eigs/08/10-7_27nz1per
m_7cp1/def_1_pod_5/Iterations.jpg>
Package pdftex.def Info: /home/wagm/cortes/Localdisk/Results/17_05/two_phases/e
igs/08/10-7_27nz1perm_7cp1/def_1_pod_5/Iterations.jpg used on input line 2190.
(pdftex.def)             Requested size: 142.25475pt x 106.69106pt.

Overfull \hbox (4.03697pt too wide) in paragraph at lines 2190--2191
 [][] 
 []

[47 </home/wagm/cortes/Localdisk/Results/17_05/two_phases/eigs/08/10-7_27nz1per
m_7cp1/def_0_pod_0/Estcondnumb.jpg> </home/wagm/cortes/Localdisk/Results/17_05/
two_phases/eigs/08/10-7_27nz1perm_7cp1/def_0_pod_0/condest.jpg> </home/wagm/cor
tes/Localdisk/Results/17_05/two_phases/eigs/08/10-7_27nz1perm_7cp1/def_1_pod_0/
condest_1.jpg> </home/wagm/cortes/Localdisk/Results/17_05/two_phases/eigs/08/10
-7_27nz1perm_7cp1/def_1_pod_10/condest_1.jpg> </home/wagm/cortes/Localdisk/Resu
lts/17_05/two_phases/eigs/08/10-7_27nz1perm_7cp1/def_1_pod_0/Iterations.jpg> </
home/wagm/cortes/Localdisk/Results/17_05/two_phases/eigs/08/10-7_27nz1perm_7cp1
/def_1_pod_10/Iterations.jpg> </home/wagm/cortes/Localdisk/Results/17_05/two_ph
ases/eigs/08/10-7_27nz1perm_7cp1/def_1_pod_5/Iterations.jpg>]
</home/wagm/cortes/Localdisk/Results/17_05/two_phases/eigs/08/10-7_27nz3perm_1c
p0/def_0_pod_0/Estcondnumb.jpg, id=245, 1204.5pt x 903.375pt>
File: /home/wagm/cortes/Localdisk/Results/17_05/two_phases/eigs/08/10-7_27nz3pe
rm_1cp0/def_0_pod_0/Estcondnumb.jpg Graphic file (type jpg)

<use /home/wagm/cortes/Localdisk/Results/17_05/two_phases/eigs/08/10-7_27nz3per
m_1cp0/def_0_pod_0/Estcondnumb.jpg>
Package pdftex.def Info: /home/wagm/cortes/Localdisk/Results/17_05/two_phases/e
igs/08/10-7_27nz3perm_1cp0/def_0_pod_0/Estcondnumb.jpg used on input line 2203.

(pdftex.def)             Requested size: 227.60759pt x 170.70569pt.

</home/wagm/cortes/Localdisk/Results/17_05/two_phases/eigs/08/10-7_27nz3perm_1c
p0/def_0_pod_0/condest.jpg, id=246, 1204.5pt x 903.375pt>
File: /home/wagm/cortes/Localdisk/Results/17_05/two_phases/eigs/08/10-7_27nz3pe
rm_1cp0/def_0_pod_0/condest.jpg Graphic file (type jpg)

<use /home/wagm/cortes/Localdisk/Results/17_05/two_phases/eigs/08/10-7_27nz3per
m_1cp0/def_0_pod_0/condest.jpg>
Package pdftex.def Info: /home/wagm/cortes/Localdisk/Results/17_05/two_phases/e
igs/08/10-7_27nz3perm_1cp0/def_0_pod_0/condest.jpg used on input line 2211.
(pdftex.def)             Requested size: 227.60759pt x 170.70569pt.

</home/wagm/cortes/Localdisk/Results/17_05/two_phases/eigs/08/10-7_27nz3perm_1c
p0/def_1_pod_0/condest_1.jpg, id=247, 1204.5pt x 903.375pt>
File: /home/wagm/cortes/Localdisk/Results/17_05/two_phases/eigs/08/10-7_27nz3pe
rm_1cp0/def_1_pod_0/condest_1.jpg Graphic file (type jpg)

<use /home/wagm/cortes/Localdisk/Results/17_05/two_phases/eigs/08/10-7_27nz3per
m_1cp0/def_1_pod_0/condest_1.jpg>
Package pdftex.def Info: /home/wagm/cortes/Localdisk/Results/17_05/two_phases/e
igs/08/10-7_27nz3perm_1cp0/def_1_pod_0/condest_1.jpg used on input line 2221.
(pdftex.def)             Requested size: 227.60759pt x 170.70569pt.

</home/wagm/cortes/Localdisk/Results/17_05/two_phases/eigs/08/10-7_27nz3perm_1c
p0/def_1_pod_10/condest_1.jpg, id=248, 1204.5pt x 903.375pt>
File: /home/wagm/cortes/Localdisk/Results/17_05/two_phases/eigs/08/10-7_27nz3pe
rm_1cp0/def_1_pod_10/condest_1.jpg Graphic file (type jpg)

<use /home/wagm/cortes/Localdisk/Results/17_05/two_phases/eigs/08/10-7_27nz3per
m_1cp0/def_1_pod_10/condest_1.jpg>
Package pdftex.def Info: /home/wagm/cortes/Localdisk/Results/17_05/two_phases/e
igs/08/10-7_27nz3perm_1cp0/def_1_pod_10/condest_1.jpg used on input line 2229.
(pdftex.def)             Requested size: 227.60759pt x 170.70569pt.

</home/wagm/cortes/Localdisk/Results/17_05/two_phases/eigs/08/10-7_27nz3perm_1c
p0/def_1_pod_0/Iterations.jpg, id=249, 1204.5pt x 903.375pt>
File: /home/wagm/cortes/Localdisk/Results/17_05/two_phases/eigs/08/10-7_27nz3pe
rm_1cp0/def_1_pod_0/Iterations.jpg Graphic file (type jpg)

<use /home/wagm/cortes/Localdisk/Results/17_05/two_phases/eigs/08/10-7_27nz3per
m_1cp0/def_1_pod_0/Iterations.jpg>
Package pdftex.def Info: /home/wagm/cortes/Localdisk/Results/17_05/two_phases/e
igs/08/10-7_27nz3perm_1cp0/def_1_pod_0/Iterations.jpg used on input line 2240.
(pdftex.def)             Requested size: 142.25475pt x 106.69106pt.

Overfull \hbox (4.03697pt too wide) in paragraph at lines 2240--2241
 [][] 
 []


</home/wagm/cortes/Localdisk/Results/17_05/two_phases/eigs/08/10-7_27nz3perm_1c
p0/def_1_pod_10/Iterations.jpg, id=250, 1204.5pt x 903.375pt>
File: /home/wagm/cortes/Localdisk/Results/17_05/two_phases/eigs/08/10-7_27nz3pe
rm_1cp0/def_1_pod_10/Iterations.jpg Graphic file (type jpg)

<use /home/wagm/cortes/Localdisk/Results/17_05/two_phases/eigs/08/10-7_27nz3per
m_1cp0/def_1_pod_10/Iterations.jpg>
Package pdftex.def Info: /home/wagm/cortes/Localdisk/Results/17_05/two_phases/e
igs/08/10-7_27nz3perm_1cp0/def_1_pod_10/Iterations.jpg used on input line 2248.

(pdftex.def)             Requested size: 142.25475pt x 106.69106pt.

Overfull \hbox (4.03697pt too wide) in paragraph at lines 2248--2249
 [][] 
 []


</home/wagm/cortes/Localdisk/Results/17_05/two_phases/eigs/08/10-7_27nz3perm_1c
p0/def_1_pod_5/Iterations.jpg, id=251, 1204.5pt x 903.375pt>
File: /home/wagm/cortes/Localdisk/Results/17_05/two_phases/eigs/08/10-7_27nz3pe
rm_1cp0/def_1_pod_5/Iterations.jpg Graphic file (type jpg)

<use /home/wagm/cortes/Localdisk/Results/17_05/two_phases/eigs/08/10-7_27nz3per
m_1cp0/def_1_pod_5/Iterations.jpg>
Package pdftex.def Info: /home/wagm/cortes/Localdisk/Results/17_05/two_phases/e
igs/08/10-7_27nz3perm_1cp0/def_1_pod_5/Iterations.jpg used on input line 2256.
(pdftex.def)             Requested size: 142.25475pt x 106.69106pt.

Overfull \hbox (4.03697pt too wide) in paragraph at lines 2256--2257
 [][] 
 []

[48 </home/wagm/cortes/Localdisk/Results/17_05/two_phases/eigs/08/10-7_27nz3per
m_1cp0/def_0_pod_0/Estcondnumb.jpg> </home/wagm/cortes/Localdisk/Results/17_05/
two_phases/eigs/08/10-7_27nz3perm_1cp0/def_0_pod_0/condest.jpg> </home/wagm/cor
tes/Localdisk/Results/17_05/two_phases/eigs/08/10-7_27nz3perm_1cp0/def_1_pod_0/
condest_1.jpg> </home/wagm/cortes/Localdisk/Results/17_05/two_phases/eigs/08/10
-7_27nz3perm_1cp0/def_1_pod_10/condest_1.jpg> </home/wagm/cortes/Localdisk/Resu
lts/17_05/two_phases/eigs/08/10-7_27nz3perm_1cp0/def_1_pod_0/Iterations.jpg> </
home/wagm/cortes/Localdisk/Results/17_05/two_phases/eigs/08/10-7_27nz3perm_1cp0
/def_1_pod_10/Iterations.jpg> </home/wagm/cortes/Localdisk/Results/17_05/two_ph
ases/eigs/08/10-7_27nz3perm_1cp0/def_1_pod_5/Iterations.jpg>]
</home/wagm/cortes/Localdisk/Results/17_05/two_phases/eigs/08/10-7_27nz3perm_7c
p0/def_0_pod_0/Estcondnumb.jpg, id=255, 1204.5pt x 903.375pt>
File: /home/wagm/cortes/Localdisk/Results/17_05/two_phases/eigs/08/10-7_27nz3pe
rm_7cp0/def_0_pod_0/Estcondnumb.jpg Graphic file (type jpg)

<use /home/wagm/cortes/Localdisk/Results/17_05/two_phases/eigs/08/10-7_27nz3per
m_7cp0/def_0_pod_0/Estcondnumb.jpg>
Package pdftex.def Info: /home/wagm/cortes/Localdisk/Results/17_05/two_phases/e
igs/08/10-7_27nz3perm_7cp0/def_0_pod_0/Estcondnumb.jpg used on input line 2269.

(pdftex.def)             Requested size: 227.60759pt x 170.70569pt.

</home/wagm/cortes/Localdisk/Results/17_05/two_phases/eigs/08/10-7_27nz3perm_7c
p0/def_0_pod_0/condest.jpg, id=256, 1204.5pt x 903.375pt>
File: /home/wagm/cortes/Localdisk/Results/17_05/two_phases/eigs/08/10-7_27nz3pe
rm_7cp0/def_0_pod_0/condest.jpg Graphic file (type jpg)

<use /home/wagm/cortes/Localdisk/Results/17_05/two_phases/eigs/08/10-7_27nz3per
m_7cp0/def_0_pod_0/condest.jpg>
Package pdftex.def Info: /home/wagm/cortes/Localdisk/Results/17_05/two_phases/e
igs/08/10-7_27nz3perm_7cp0/def_0_pod_0/condest.jpg used on input line 2277.
(pdftex.def)             Requested size: 227.60759pt x 170.70569pt.

</home/wagm/cortes/Localdisk/Results/17_05/two_phases/eigs/08/10-7_27nz3perm_7c
p0/def_1_pod_0/condest_1.jpg, id=257, 1204.5pt x 903.375pt>
File: /home/wagm/cortes/Localdisk/Results/17_05/two_phases/eigs/08/10-7_27nz3pe
rm_7cp0/def_1_pod_0/condest_1.jpg Graphic file (type jpg)

<use /home/wagm/cortes/Localdisk/Results/17_05/two_phases/eigs/08/10-7_27nz3per
m_7cp0/def_1_pod_0/condest_1.jpg>
Package pdftex.def Info: /home/wagm/cortes/Localdisk/Results/17_05/two_phases/e
igs/08/10-7_27nz3perm_7cp0/def_1_pod_0/condest_1.jpg used on input line 2287.
(pdftex.def)             Requested size: 227.60759pt x 170.70569pt.

</home/wagm/cortes/Localdisk/Results/17_05/two_phases/eigs/08/10-7_27nz3perm_7c
p0/def_1_pod_10/condest_1.jpg, id=258, 1204.5pt x 903.375pt>
File: /home/wagm/cortes/Localdisk/Results/17_05/two_phases/eigs/08/10-7_27nz3pe
rm_7cp0/def_1_pod_10/condest_1.jpg Graphic file (type jpg)

<use /home/wagm/cortes/Localdisk/Results/17_05/two_phases/eigs/08/10-7_27nz3per
m_7cp0/def_1_pod_10/condest_1.jpg>
Package pdftex.def Info: /home/wagm/cortes/Localdisk/Results/17_05/two_phases/e
igs/08/10-7_27nz3perm_7cp0/def_1_pod_10/condest_1.jpg used on input line 2295.
(pdftex.def)             Requested size: 227.60759pt x 170.70569pt.

</home/wagm/cortes/Localdisk/Results/17_05/two_phases/eigs/08/10-7_27nz3perm_7c
p0/def_1_pod_0/Iterations.jpg, id=259, 1204.5pt x 903.375pt>
File: /home/wagm/cortes/Localdisk/Results/17_05/two_phases/eigs/08/10-7_27nz3pe
rm_7cp0/def_1_pod_0/Iterations.jpg Graphic file (type jpg)

<use /home/wagm/cortes/Localdisk/Results/17_05/two_phases/eigs/08/10-7_27nz3per
m_7cp0/def_1_pod_0/Iterations.jpg>
Package pdftex.def Info: /home/wagm/cortes/Localdisk/Results/17_05/two_phases/e
igs/08/10-7_27nz3perm_7cp0/def_1_pod_0/Iterations.jpg used on input line 2305.
(pdftex.def)             Requested size: 142.25475pt x 106.69106pt.

Overfull \hbox (4.03697pt too wide) in paragraph at lines 2305--2306
 [][] 
 []


</home/wagm/cortes/Localdisk/Results/17_05/two_phases/eigs/08/10-7_27nz3perm_7c
p0/def_1_pod_10/Iterations.jpg, id=260, 1204.5pt x 903.375pt>
File: /home/wagm/cortes/Localdisk/Results/17_05/two_phases/eigs/08/10-7_27nz3pe
rm_7cp0/def_1_pod_10/Iterations.jpg Graphic file (type jpg)

<use /home/wagm/cortes/Localdisk/Results/17_05/two_phases/eigs/08/10-7_27nz3per
m_7cp0/def_1_pod_10/Iterations.jpg>
Package pdftex.def Info: /home/wagm/cortes/Localdisk/Results/17_05/two_phases/e
igs/08/10-7_27nz3perm_7cp0/def_1_pod_10/Iterations.jpg used on input line 2313.

(pdftex.def)             Requested size: 142.25475pt x 106.69106pt.

Overfull \hbox (4.03697pt too wide) in paragraph at lines 2313--2314
 [][] 
 []


</home/wagm/cortes/Localdisk/Results/17_05/two_phases/eigs/08/10-7_27nz3perm_7c
p0/def_1_pod_5/Iterations.jpg, id=261, 1204.5pt x 903.375pt>
File: /home/wagm/cortes/Localdisk/Results/17_05/two_phases/eigs/08/10-7_27nz3pe
rm_7cp0/def_1_pod_5/Iterations.jpg Graphic file (type jpg)

<use /home/wagm/cortes/Localdisk/Results/17_05/two_phases/eigs/08/10-7_27nz3per
m_7cp0/def_1_pod_5/Iterations.jpg>
Package pdftex.def Info: /home/wagm/cortes/Localdisk/Results/17_05/two_phases/e
igs/08/10-7_27nz3perm_7cp0/def_1_pod_5/Iterations.jpg used on input line 2321.
(pdftex.def)             Requested size: 142.25475pt x 106.69106pt.

Overfull \hbox (4.03697pt too wide) in paragraph at lines 2321--2322
 [][] 
 []

[49 </home/wagm/cortes/Localdisk/Results/17_05/two_phases/eigs/08/10-7_27nz3per
m_7cp0/def_0_pod_0/Estcondnumb.jpg> </home/wagm/cortes/Localdisk/Results/17_05/
two_phases/eigs/08/10-7_27nz3perm_7cp0/def_0_pod_0/condest.jpg> </home/wagm/cor
tes/Localdisk/Results/17_05/two_phases/eigs/08/10-7_27nz3perm_7cp0/def_1_pod_0/
condest_1.jpg> </home/wagm/cortes/Localdisk/Results/17_05/two_phases/eigs/08/10
-7_27nz3perm_7cp0/def_1_pod_10/condest_1.jpg> </home/wagm/cortes/Localdisk/Resu
lts/17_05/two_phases/eigs/08/10-7_27nz3perm_7cp0/def_1_pod_0/Iterations.jpg> </
home/wagm/cortes/Localdisk/Results/17_05/two_phases/eigs/08/10-7_27nz3perm_7cp0
/def_1_pod_10/Iterations.jpg> </home/wagm/cortes/Localdisk/Results/17_05/two_ph
ases/eigs/08/10-7_27nz3perm_7cp0/def_1_pod_5/Iterations.jpg>]
File: /home/wagm/cortes/Localdisk/Results/17_05/two_phases/eigs/08/10-7_27nz1pe
rm_7cp1/def_0_pod_0/Estcondnumb.jpg Graphic file (type jpg)

<use /home/wagm/cortes/Localdisk/Results/17_05/two_phases/eigs/08/10-7_27nz1per
m_7cp1/def_0_pod_0/Estcondnumb.jpg>
Package pdftex.def Info: /home/wagm/cortes/Localdisk/Results/17_05/two_phases/e
igs/08/10-7_27nz1perm_7cp1/def_0_pod_0/Estcondnumb.jpg used on input line 2334.

(pdftex.def)             Requested size: 227.60759pt x 170.70569pt.
File: /home/wagm/cortes/Localdisk/Results/17_05/two_phases/eigs/08/10-7_27nz1pe
rm_7cp1/def_0_pod_0/condest.jpg Graphic file (type jpg)

<use /home/wagm/cortes/Localdisk/Results/17_05/two_phases/eigs/08/10-7_27nz1per
m_7cp1/def_0_pod_0/condest.jpg>
Package pdftex.def Info: /home/wagm/cortes/Localdisk/Results/17_05/two_phases/e
igs/08/10-7_27nz1perm_7cp1/def_0_pod_0/condest.jpg used on input line 2342.
(pdftex.def)             Requested size: 227.60759pt x 170.70569pt.
File: /home/wagm/cortes/Localdisk/Results/17_05/two_phases/eigs/08/10-7_27nz1pe
rm_7cp1/def_1_pod_0/condest_1.jpg Graphic file (type jpg)

<use /home/wagm/cortes/Localdisk/Results/17_05/two_phases/eigs/08/10-7_27nz1per
m_7cp1/def_1_pod_0/condest_1.jpg>
Package pdftex.def Info: /home/wagm/cortes/Localdisk/Results/17_05/two_phases/e
igs/08/10-7_27nz1perm_7cp1/def_1_pod_0/condest_1.jpg used on input line 2352.
(pdftex.def)             Requested size: 227.60759pt x 170.70569pt.
File: /home/wagm/cortes/Localdisk/Results/17_05/two_phases/eigs/08/10-7_27nz1pe
rm_7cp1/def_1_pod_10/condest_1.jpg Graphic file (type jpg)

<use /home/wagm/cortes/Localdisk/Results/17_05/two_phases/eigs/08/10-7_27nz1per
m_7cp1/def_1_pod_10/condest_1.jpg>
Package pdftex.def Info: /home/wagm/cortes/Localdisk/Results/17_05/two_phases/e
igs/08/10-7_27nz1perm_7cp1/def_1_pod_10/condest_1.jpg used on input line 2360.
(pdftex.def)             Requested size: 227.60759pt x 170.70569pt.
File: /home/wagm/cortes/Localdisk/Results/17_05/two_phases/eigs/08/10-7_27nz1pe
rm_7cp1/def_1_pod_0/Iterations.jpg Graphic file (type jpg)

<use /home/wagm/cortes/Localdisk/Results/17_05/two_phases/eigs/08/10-7_27nz1per
m_7cp1/def_1_pod_0/Iterations.jpg>
Package pdftex.def Info: /home/wagm/cortes/Localdisk/Results/17_05/two_phases/e
igs/08/10-7_27nz1perm_7cp1/def_1_pod_0/Iterations.jpg used on input line 2369.
(pdftex.def)             Requested size: 142.25475pt x 106.69106pt.

Overfull \hbox (4.03697pt too wide) in paragraph at lines 2369--2370
 [][] 
 []

File: /home/wagm/cortes/Localdisk/Results/17_05/two_phases/eigs/08/10-7_27nz1pe
rm_7cp1/def_1_pod_10/Iterations.jpg Graphic file (type jpg)

<use /home/wagm/cortes/Localdisk/Results/17_05/two_phases/eigs/08/10-7_27nz1per
m_7cp1/def_1_pod_10/Iterations.jpg>
Package pdftex.def Info: /home/wagm/cortes/Localdisk/Results/17_05/two_phases/e
igs/08/10-7_27nz1perm_7cp1/def_1_pod_10/Iterations.jpg used on input line 2377.

(pdftex.def)             Requested size: 142.25475pt x 106.69106pt.

Overfull \hbox (4.03697pt too wide) in paragraph at lines 2377--2378
 [][] 
 []

File: /home/wagm/cortes/Localdisk/Results/17_05/two_phases/eigs/08/10-7_27nz1pe
rm_7cp1/def_1_pod_5/Iterations.jpg Graphic file (type jpg)

<use /home/wagm/cortes/Localdisk/Results/17_05/two_phases/eigs/08/10-7_27nz1per
m_7cp1/def_1_pod_5/Iterations.jpg>
Package pdftex.def Info: /home/wagm/cortes/Localdisk/Results/17_05/two_phases/e
igs/08/10-7_27nz1perm_7cp1/def_1_pod_5/Iterations.jpg used on input line 2385.
(pdftex.def)             Requested size: 142.25475pt x 106.69106pt.

Overfull \hbox (4.03697pt too wide) in paragraph at lines 2385--2386
 [][] 
 []

[50] (/usr/share/texlive/texmf-dist/tex/latex/ucs/data/uni-32.def
File: uni-32.def 2013/05/13 UCS: Unicode data U+2000..U+20FF
) [51

]
(./report_05_08.bbl

Package natbib Warning: Empty `thebibliography' environment on input line 3.

) [52] [53]

Package natbib Warning: Citation `Saad03' on page 54 undefined on input line 24
49.

[54] [55]

LaTeX Warning: Reference `eq:linsys' on page 56 undefined on input line 2490.


LaTeX Warning: Reference `eq:linsys' on page 56 undefined on input line 2491.


Package natbib Warning: Citation `Tang09' on page 56 undefined on input line 24
91.


LaTeX Warning: Reference `eq:linsys' on page 56 undefined on input line 2499.


Underfull \hbox (badness 10000) in paragraph at lines 2514--2519

 []


LaTeX Warning: Reference `eq:linsys' on page 56 undefined on input line 2529.


Underfull \hbox (badness 10000) in paragraph at lines 2530--2531

 []

[56] [57]
Underfull \hbox (badness 10000) in paragraph at lines 2558--2564

 []


LaTeX Warning: `!h' float specifier changed to `!ht'.


Overfull \hbox (18.77914pt too wide) in paragraph at lines 2633--2669
[][] 
 []


LaTeX Warning: `!h' float specifier changed to `!ht'.


Overfull \hbox (5.02081pt too wide) in paragraph at lines 2675--2710
[][] 
 []


LaTeX Warning: `!h' float specifier changed to `!ht'.

[58]

LaTeX Warning: `!h' float specifier changed to `!ht'.


Package natbib Warning: There were undefined citations.

[59] [60] [61] [62] (./report_05_08.aux)

LaTeX Warning: There were undefined references.


LaTeX Warning: There were multiply-defined labels.

 ) 
Here is how much of TeX's memory you used:
 5842 strings out of 494409
 117437 string characters out of 6164778
 159796 words of memory out of 5000000
 8924 multiletter control sequences out of 15000+600000
 20015 words of font info for 83 fonts, out of 8000000 for 9000
 372 hyphenation exceptions out of 8191
 38i,13n,38p,957b,481s stack positions out of 5000i,500n,10000p,200000b,80000s
</usr/share/texlive/texmf-dist/fonts/type1/public/amsfonts/cm/cmbx10.pfb></us
r/share/texlive/texmf-dist/fonts/type1/public/amsfonts/cm/cmbx12.pfb></usr/shar
e/texlive/texmf-dist/fonts/type1/public/amsfonts/cm/cmbx8.pfb></usr/share/texli
ve/texmf-dist/fonts/type1/public/amsfonts/cm/cmbxti10.pfb></usr/share/texlive/t
exmf-dist/fonts/type1/public/amsfonts/cm/cmex10.pfb></usr/share/texlive/texmf-d
ist/fonts/type1/public/amsfonts/cm/cmmi10.pfb></usr/share/texlive/texmf-dist/fo
nts/type1/public/amsfonts/cm/cmmi12.pfb></usr/share/texlive/texmf-dist/fonts/ty
pe1/public/amsfonts/cm/cmmi6.pfb></usr/share/texlive/texmf-dist/fonts/type1/pub
lic/amsfonts/cm/cmmi7.pfb></usr/share/texlive/texmf-dist/fonts/type1/public/ams
fonts/cm/cmmi8.pfb></usr/share/texlive/texmf-dist/fonts/type1/public/amsfonts/c
m/cmr10.pfb></usr/share/texlive/texmf-dist/fonts/type1/public/amsfonts/cm/cmr12
.pfb></usr/share/texlive/texmf-dist/fonts/type1/public/amsfonts/cm/cmr17.pfb></
usr/share/texlive/texmf-dist/fonts/type1/public/amsfonts/cm/cmr6.pfb></usr/shar
e/texlive/texmf-dist/fonts/type1/public/amsfonts/cm/cmr7.pfb></usr/share/texliv
e/texmf-dist/fonts/type1/public/amsfonts/cm/cmr8.pfb></usr/share/texlive/texmf-
dist/fonts/type1/public/amsfonts/cm/cmsy10.pfb></usr/share/texlive/texmf-dist/f
onts/type1/public/amsfonts/cm/cmsy7.pfb></usr/share/texlive/texmf-dist/fonts/ty
pe1/public/amsfonts/cm/cmsy8.pfb></usr/share/texlive/texmf-dist/fonts/type1/pub
lic/amsfonts/cm/cmti12.pfb></usr/share/texlive/texmf-dist/fonts/type1/public/am
sfonts/symbols/msbm10.pfb>
Output written on report_05_08.pdf (62 pages, 7725522 bytes).
PDF statistics:
 378 PDF objects out of 1000 (max. 8388607)
 202 compressed objects within 3 object streams
 0 named destinations out of 1000 (max. 500000)
 441 words of extra memory for PDF output out of 10000 (max. 10000000)

