This is pdfTeX, Version 3.14159265-2.6-1.40.15 (TeX Live 2015/dev/Debian) (preloaded format=pdflatex 2017.3.9)  13 JUN 2017 17:04
entering extended mode
 restricted \write18 enabled.
 %&-line parsing enabled.
**report_06_02_imp.tex
(./report_06_02_imp.tex
LaTeX2e <2014/05/01>
Babel <3.9l> and hyphenation patterns for 29 languages loaded.
(/usr/share/texlive/texmf-dist/tex/latex/base/article.cls
Document Class: article 2014/09/29 v1.4h Standard LaTeX document class
(/usr/share/texlive/texmf-dist/tex/latex/base/size12.clo
File: size12.clo 2014/09/29 v1.4h Standard LaTeX file (size option)
)
\c@part=\count79
\c@section=\count80
\c@subsection=\count81
\c@subsubsection=\count82
\c@paragraph=\count83
\c@subparagraph=\count84
\c@figure=\count85
\c@table=\count86
\abovecaptionskip=\skip41
\belowcaptionskip=\skip42
\bibindent=\dimen102
)
(/usr/share/texlive/texmf-dist/tex/latex/psnfss/pifont.sty
Package: pifont 2005/04/12 PSNFSS-v9.2a Pi font support (SPQR) 
LaTeX Font Info:    Try loading font information for U+pzd on input line 63.

(/usr/share/texlive/texmf-dist/tex/latex/psnfss/upzd.fd
File: upzd.fd 2001/06/04 font definitions for U/pzd.
)
LaTeX Font Info:    Try loading font information for U+psy on input line 64.

(/usr/share/texlive/texmf-dist/tex/latex/psnfss/upsy.fd
File: upsy.fd 2001/06/04 font definitions for U/psy.
))
(/usr/share/texlive/texmf-dist/tex/latex/a4wide/a4wide.sty
Package: a4wide 1994/08/30

(/usr/share/texlive/texmf-dist/tex/latex/ntgclass/a4.sty
Package: a4 2004/04/15 v1.2g A4 based page layout
))
(/usr/share/texlive/texmf-dist/tex/latex/base/inputenc.sty
Package: inputenc 2014/04/30 v1.2b Input encoding file
\inpenc@prehook=\toks14
\inpenc@posthook=\toks15

(/usr/share/texlive/texmf-dist/tex/latex/ucs/utf8x.def
File: utf8x.def 2004/10/17 UCS: Input encoding UTF-8
))
(/usr/share/texlive/texmf-dist/tex/latex/ucs/ucs.sty
Package: ucs 2013/05/11 v2.2 UCS: Unicode input support

(/usr/share/texlive/texmf-dist/tex/latex/ucs/data/uni-global.def
File: uni-global.def 2013/05/13 UCS: Unicode global data
)
\uc@secondtry=\count87
\uc@combtoks=\toks16
\uc@combtoksb=\toks17
\uc@temptokena=\toks18
)
(/usr/share/texlive/texmf-dist/tex/latex/amsmath/amsmath.sty
Package: amsmath 2013/01/14 v2.14 AMS math features
\@mathmargin=\skip43

For additional information on amsmath, use the `?' option.
(/usr/share/texlive/texmf-dist/tex/latex/amsmath/amstext.sty
Package: amstext 2000/06/29 v2.01

(/usr/share/texlive/texmf-dist/tex/latex/amsmath/amsgen.sty
File: amsgen.sty 1999/11/30 v2.0
\@emptytoks=\toks19
\ex@=\dimen103
))
(/usr/share/texlive/texmf-dist/tex/latex/amsmath/amsbsy.sty
Package: amsbsy 1999/11/29 v1.2d
\pmbraise@=\dimen104
)
(/usr/share/texlive/texmf-dist/tex/latex/amsmath/amsopn.sty
Package: amsopn 1999/12/14 v2.01 operator names
)
\inf@bad=\count88
LaTeX Info: Redefining \frac on input line 210.
\uproot@=\count89
\leftroot@=\count90
LaTeX Info: Redefining \overline on input line 306.
\classnum@=\count91
\DOTSCASE@=\count92
LaTeX Info: Redefining \ldots on input line 378.
LaTeX Info: Redefining \dots on input line 381.
LaTeX Info: Redefining \cdots on input line 466.
\Mathstrutbox@=\box26
\strutbox@=\box27
\big@size=\dimen105
LaTeX Font Info:    Redeclaring font encoding OML on input line 566.
LaTeX Font Info:    Redeclaring font encoding OMS on input line 567.
\macc@depth=\count93
\c@MaxMatrixCols=\count94
\dotsspace@=\muskip10
\c@parentequation=\count95
\dspbrk@lvl=\count96
\tag@help=\toks20
\row@=\count97
\column@=\count98
\maxfields@=\count99
\andhelp@=\toks21
\eqnshift@=\dimen106
\alignsep@=\dimen107
\tagshift@=\dimen108
\tagwidth@=\dimen109
\totwidth@=\dimen110
\lineht@=\dimen111
\@envbody=\toks22
\multlinegap=\skip44
\multlinetaggap=\skip45
\mathdisplay@stack=\toks23
LaTeX Info: Redefining \[ on input line 2665.
LaTeX Info: Redefining \] on input line 2666.
)
(/usr/share/texlive/texmf-dist/tex/latex/amsfonts/amsfonts.sty
Package: amsfonts 2013/01/14 v3.01 Basic AMSFonts support
\symAMSa=\mathgroup4
\symAMSb=\mathgroup5
LaTeX Font Info:    Overwriting math alphabet `\mathfrak' in version `bold'
(Font)                  U/euf/m/n --> U/euf/b/n on input line 106.
)
(/usr/share/texlive/texmf-dist/tex/latex/jknapltx/mathrsfs.sty
Package: mathrsfs 1996/01/01 Math RSFS package v1.0 (jk)
\symrsfs=\mathgroup6
)
(/usr/share/texlive/texmf-dist/tex/latex/graphics/graphicx.sty
Package: graphicx 2014/04/25 v1.0g Enhanced LaTeX Graphics (DPC,SPQR)

(/usr/share/texlive/texmf-dist/tex/latex/graphics/keyval.sty
Package: keyval 2014/05/08 v1.15 key=value parser (DPC)
\KV@toks@=\toks24
)
(/usr/share/texlive/texmf-dist/tex/latex/graphics/graphics.sty
Package: graphics 2009/02/05 v1.0o Standard LaTeX Graphics (DPC,SPQR)

(/usr/share/texlive/texmf-dist/tex/latex/graphics/trig.sty
Package: trig 1999/03/16 v1.09 sin cos tan (DPC)
)
(/usr/share/texlive/texmf-dist/tex/latex/latexconfig/graphics.cfg
File: graphics.cfg 2010/04/23 v1.9 graphics configuration of TeX Live
)
Package graphics Info: Driver file: pdftex.def on input line 91.

(/usr/share/texlive/texmf-dist/tex/latex/pdftex-def/pdftex.def
File: pdftex.def 2011/05/27 v0.06d Graphics/color for pdfTeX

(/usr/share/texlive/texmf-dist/tex/generic/oberdiek/infwarerr.sty
Package: infwarerr 2010/04/08 v1.3 Providing info/warning/error messages (HO)
)
(/usr/share/texlive/texmf-dist/tex/generic/oberdiek/ltxcmds.sty
Package: ltxcmds 2011/11/09 v1.22 LaTeX kernel commands for general use (HO)
)
\Gread@gobject=\count100
))
\Gin@req@height=\dimen112
\Gin@req@width=\dimen113
)
(/usr/share/texlive/texmf-dist/tex/latex/float/float.sty
Package: float 2001/11/08 v1.3d Float enhancements (AL)
\c@float@type=\count101
\float@exts=\toks25
\float@box=\box28
\@float@everytoks=\toks26
\@floatcapt=\box29
)
(/usr/share/texlive/texmf-dist/tex/latex/caption/caption.sty
Package: caption 2013/05/02 v3.3-89 Customizing captions (AR)

(/usr/share/texlive/texmf-dist/tex/latex/caption/caption3.sty
Package: caption3 2013/05/02 v1.6-88 caption3 kernel (AR)
Package caption3 Info: TeX engine: e-TeX on input line 57.
\captionmargin=\dimen114
\captionmargin@=\dimen115
\captionwidth=\dimen116
\caption@tempdima=\dimen117
\caption@indent=\dimen118
\caption@parindent=\dimen119
\caption@hangindent=\dimen120
)
\c@ContinuedFloat=\count102
Package caption Info: float package is loaded.
)
(/usr/share/texlive/texmf-dist/tex/latex/wrapfig/wrapfig.sty
\wrapoverhang=\dimen121
\WF@size=\dimen122
\c@WF@wrappedlines=\count103
\WF@box=\box30
\WF@everypar=\toks27
Package: wrapfig 2003/01/31  v 3.6
)
(/usr/share/texlive/texmf-dist/tex/latex/preprint/authblk.sty
Package: authblk 2001/02/27 1.3 (PWD)
\affilsep=\skip46
\@affilsep=\skip47
\c@Maxaffil=\count104
\c@authors=\count105
\c@affil=\count106
)
(/usr/share/texlive/texmf-dist/tex/latex/subfigure/subfigure.sty
Package: subfigure 2002/03/15 v2.1.5 subfigure package
\subfigtopskip=\skip48
\subfigcapskip=\skip49
\subfigcaptopadj=\dimen123
\subfigbottomskip=\skip50
\subfigcapmargin=\dimen124
\subfiglabelskip=\skip51
\c@subfigure=\count107
\c@lofdepth=\count108
\c@subtable=\count109
\c@lotdepth=\count110

****************************************
* Local config file subfigure.cfg used *
****************************************
(/usr/share/texlive/texmf-dist/tex/latex/subfigure/subfigure.cfg)
\subfig@top=\skip52
\subfig@bottom=\skip53
)
(/usr/share/texlive/texmf-dist/tex/latex/amsfonts/amssymb.sty
Package: amssymb 2013/01/14 v3.01 AMS font symbols
)
(/usr/share/texlive/texmf-dist/tex/latex/base/latexsym.sty
Package: latexsym 1998/08/17 v2.2e Standard LaTeX package (lasy symbols)
\symlasy=\mathgroup7
LaTeX Font Info:    Overwriting symbol font `lasy' in version `bold'
(Font)                  U/lasy/m/n --> U/lasy/b/n on input line 47.
)
(/usr/share/texlive/texmf-dist/tex/latex/natbib/natbib.sty
Package: natbib 2010/09/13 8.31b (PWD, AO)
\bibhang=\skip54
\bibsep=\skip55
LaTeX Info: Redefining \cite on input line 694.
\c@NAT@ctr=\count111
)
(./report_06_02_imp.aux

LaTeX Warning: Label `table:icw' multiply defined.

)
\openout1 = `report_06_02_imp.aux'.

LaTeX Font Info:    Checking defaults for OML/cmm/m/it on input line 35.
LaTeX Font Info:    ... okay on input line 35.
LaTeX Font Info:    Checking defaults for T1/cmr/m/n on input line 35.
LaTeX Font Info:    ... okay on input line 35.
LaTeX Font Info:    Checking defaults for OT1/cmr/m/n on input line 35.
LaTeX Font Info:    ... okay on input line 35.
LaTeX Font Info:    Checking defaults for OMS/cmsy/m/n on input line 35.
LaTeX Font Info:    ... okay on input line 35.
LaTeX Font Info:    Checking defaults for OMX/cmex/m/n on input line 35.
LaTeX Font Info:    ... okay on input line 35.
LaTeX Font Info:    Checking defaults for U/cmr/m/n on input line 35.
LaTeX Font Info:    ... okay on input line 35.
 (/usr/share/texlive/texmf-dist/tex/latex/ucs/ucsencs.def
File: ucsencs.def 2011/01/21 Fixes to fontencodings LGR, T3
)
(/usr/share/texlive/texmf-dist/tex/context/base/supp-pdf.mkii
[Loading MPS to PDF converter (version 2006.09.02).]
\scratchcounter=\count112
\scratchdimen=\dimen125
\scratchbox=\box31
\nofMPsegments=\count113
\nofMParguments=\count114
\everyMPshowfont=\toks28
\MPscratchCnt=\count115
\MPscratchDim=\dimen126
\MPnumerator=\count116
\makeMPintoPDFobject=\count117
\everyMPtoPDFconversion=\toks29
) (/usr/share/texlive/texmf-dist/tex/generic/oberdiek/pdftexcmds.sty
Package: pdftexcmds 2011/11/29 v0.20 Utility functions of pdfTeX for LuaTeX (HO
)

(/usr/share/texlive/texmf-dist/tex/generic/oberdiek/ifluatex.sty
Package: ifluatex 2010/03/01 v1.3 Provides the ifluatex switch (HO)
Package ifluatex Info: LuaTeX not detected.
)
(/usr/share/texlive/texmf-dist/tex/generic/oberdiek/ifpdf.sty
Package: ifpdf 2011/01/30 v2.3 Provides the ifpdf switch (HO)
Package ifpdf Info: pdfTeX in PDF mode is detected.
)
Package pdftexcmds Info: LuaTeX not detected.
Package pdftexcmds Info: \pdf@primitive is available.
Package pdftexcmds Info: \pdf@ifprimitive is available.
Package pdftexcmds Info: \pdfdraftmode found.
)
(/usr/share/texlive/texmf-dist/tex/latex/oberdiek/epstopdf-base.sty
Package: epstopdf-base 2010/02/09 v2.5 Base part for package epstopdf

(/usr/share/texlive/texmf-dist/tex/latex/oberdiek/grfext.sty
Package: grfext 2010/08/19 v1.1 Manage graphics extensions (HO)

(/usr/share/texlive/texmf-dist/tex/generic/oberdiek/kvdefinekeys.sty
Package: kvdefinekeys 2011/04/07 v1.3 Define keys (HO)
))
(/usr/share/texlive/texmf-dist/tex/latex/oberdiek/kvoptions.sty
Package: kvoptions 2011/06/30 v3.11 Key value format for package options (HO)

(/usr/share/texlive/texmf-dist/tex/generic/oberdiek/kvsetkeys.sty
Package: kvsetkeys 2012/04/25 v1.16 Key value parser (HO)

(/usr/share/texlive/texmf-dist/tex/generic/oberdiek/etexcmds.sty
Package: etexcmds 2011/02/16 v1.5 Avoid name clashes with e-TeX commands (HO)
Package etexcmds Info: Could not find \expanded.
(etexcmds)             That can mean that you are not using pdfTeX 1.50 or
(etexcmds)             that some package has redefined \expanded.
(etexcmds)             In the latter case, load this package earlier.
)))
Package grfext Info: Graphics extension search list:
(grfext)             [.png,.pdf,.jpg,.mps,.jpeg,.jbig2,.jb2,.PNG,.PDF,.JPG,.JPE
G,.JBIG2,.JB2,.eps]
(grfext)             \AppendGraphicsExtensions on input line 452.

(/usr/share/texlive/texmf-dist/tex/latex/latexconfig/epstopdf-sys.cfg
File: epstopdf-sys.cfg 2010/07/13 v1.3 Configuration of (r)epstopdf for TeX Liv
e
))
Package caption Info: Begin \AtBeginDocument code.
Package caption Info: subfigure package is loaded.
Package caption Info: wrapfig package is loaded.
Package caption Info: End \AtBeginDocument code.
LaTeX Font Info:    Try loading font information for U+msa on input line 64.

(/usr/share/texlive/texmf-dist/tex/latex/amsfonts/umsa.fd
File: umsa.fd 2013/01/14 v3.01 AMS symbols A
)
LaTeX Font Info:    Try loading font information for U+msb on input line 64.

(/usr/share/texlive/texmf-dist/tex/latex/amsfonts/umsb.fd
File: umsb.fd 2013/01/14 v3.01 AMS symbols B
)
LaTeX Font Info:    Try loading font information for U+rsfs on input line 64.

(/usr/share/texlive/texmf-dist/tex/latex/jknapltx/ursfs.fd
File: ursfs.fd 1998/03/24 rsfs font definition file (jk)
)
LaTeX Font Info:    Try loading font information for U+lasy on input line 64.

(/usr/share/texlive/texmf-dist/tex/latex/base/ulasy.fd
File: ulasy.fd 1998/08/17 v2.2e LaTeX symbol font definitions
)
Underfull \hbox (badness 10000) in paragraph at lines 66--73

 []

[1

{/var/lib/texmf/fonts/map/pdftex/updmap/pdftex.map}] [2] [3]
Underfull \hbox (badness 10000) in paragraph at lines 218--224

 []

[4]
Underfull \hbox (badness 10000) in paragraph at lines 251--254

 []


Package natbib Warning: Citation `Aziz79' on page 5 undefined on input line 266
.


Package natbib Warning: Citation `Chen06' on page 5 undefined on input line 266
.


Package natbib Warning: Citation `Jansen13' on page 5 undefined on input line 2
66.

[5]
Underfull \hbox (badness 10000) in paragraph at lines 285--292

 []

[6]
Underfull \hbox (badness 10000) in paragraph at lines 302--305

 []

[7]
Underfull \hbox (badness 10000) in paragraph at lines 307--313

 []

[8]

Package natbib Warning: Citation `Vuik99' on page 9 undefined on input line 357
.


Package natbib Warning: Citation `Tang08' on page 9 undefined on input line 358
.


Package natbib Warning: Citation `Tang09' on page 9 undefined on input line 358
.


Underfull \hbox (badness 10000) in paragraph at lines 354--359

 []


LaTeX Warning: Reference `a4' on page 9 undefined on input line 370.


LaTeX Warning: Reference `a4' on page 9 undefined on input line 375.


Package natbib Warning: Citation `Tang09' on page 9 undefined on input line 379
.

[9]

Package natbib Warning: Citation `Clemens04' on page 10 undefined on input line
 401.


Package natbib Warning: Citation `Vuik02' on page 10 undefined on input line 40
1.


Package natbib Warning: Citation `Tang09' on page 10 undefined on input line 40
1.


Package natbib Warning: Citation `Smith96' on page 10 undefined on input line 4
01.


Package natbib Warning: Citation `Clemens04' on page 10 undefined on input line
 404.


Package natbib Warning: Citation `Vuik02' on page 10 undefined on input line 41
1.


Package natbib Warning: Citation `Tang09' on page 10 undefined on input line 41
4.


Package natbib Warning: Citation `Astrid11' on page 10 undefined on input line 
422.

[10]

Package natbib Warning: Citation `Mark06' on page 11 undefined on input line 43
3.


Package natbib Warning: Citation `Mark06' on page 11 undefined on input line 44
2.


LaTeX Warning: Reference `a3' on page 11 undefined on input line 448.

[11]

LaTeX Warning: Reference `fig:initsat1' on page 12 undefined on input line 459.



Package natbib Warning: Citation `Lie13' on page 12 undefined on input line 460
.


Package natbib Warning: Citation `Lie13' on page 12 undefined on input line 464
.


Underfull \hbox (badness 10000) in paragraph at lines 481--497
[]  $[]$
 []


Underfull \hbox (badness 10000) in paragraph at lines 481--497

 []

[12]
</home/wagm/cortes/Localdisk/Results/17_04/two_phases/19/bcx/10-7_64nz1perm_1cp
0/def_0_pod_0/Permeability.jpg, id=64, 1204.5pt x 903.375pt>
File: /home/wagm/cortes/Localdisk/Results/17_04/two_phases/19/bcx/10-7_64nz1per
m_1cp0/def_0_pod_0/Permeability.jpg Graphic file (type jpg)

<use /home/wagm/cortes/Localdisk/Results/17_04/two_phases/19/bcx/10-7_64nz1perm
_1cp0/def_0_pod_0/Permeability.jpg>
Package pdftex.def Info: /home/wagm/cortes/Localdisk/Results/17_04/two_phases/1
9/bcx/10-7_64nz1perm_1cp0/def_0_pod_0/Permeability.jpg used on input line 503.
(pdftex.def)             Requested size: 142.25475pt x 106.69106pt.

Overfull \hbox (4.03697pt too wide) in paragraph at lines 503--504
 [][] 
 []


</home/wagm/cortes/Localdisk/Results/17_04/two_phases/19/bcx/10-7_64nz1perm_1cp
0/def_0_pod_0/RelPerm.jpg, id=65, 1204.5pt x 903.375pt>
File: /home/wagm/cortes/Localdisk/Results/17_04/two_phases/19/bcx/10-7_64nz1per
m_1cp0/def_0_pod_0/RelPerm.jpg Graphic file (type jpg)

<use /home/wagm/cortes/Localdisk/Results/17_04/two_phases/19/bcx/10-7_64nz1perm
_1cp0/def_0_pod_0/RelPerm.jpg>
Package pdftex.def Info: /home/wagm/cortes/Localdisk/Results/17_04/two_phases/1
9/bcx/10-7_64nz1perm_1cp0/def_0_pod_0/RelPerm.jpg used on input line 511.
(pdftex.def)             Requested size: 142.25475pt x 106.69106pt.

Overfull \hbox (4.03697pt too wide) in paragraph at lines 511--512
 [][] 
 []


</home/wagm/cortes/Localdisk/Results/17_06/two_phases/08/sz_64nz10perm_0cp1/def
_0_pod_0/cp.jpg, id=66, 1204.5pt x 903.375pt>
File: /home/wagm/cortes/Localdisk/Results/17_06/two_phases/08/sz_64nz10perm_0cp
1/def_0_pod_0/cp.jpg Graphic file (type jpg)

<use /home/wagm/cortes/Localdisk/Results/17_06/two_phases/08/sz_64nz10perm_0cp1
/def_0_pod_0/cp.jpg>
Package pdftex.def Info: /home/wagm/cortes/Localdisk/Results/17_06/two_phases/0
8/sz_64nz10perm_0cp1/def_0_pod_0/cp.jpg used on input line 519.
(pdftex.def)             Requested size: 142.25475pt x 106.69106pt.

Overfull \hbox (13.5237pt too wide) in paragraph at lines 500--524
[]  $[]$  $[]$  $[]$ 
 []


LaTeX Warning: `!h' float specifier changed to `!ht'.

[13 </home/wagm/cortes/Localdisk/Results/17_04/two_phases/19/bcx/10-7_64nz1perm
_1cp0/def_0_pod_0/Permeability.jpg> </home/wagm/cortes/Localdisk/Results/17_04/
two_phases/19/bcx/10-7_64nz1perm_1cp0/def_0_pod_0/RelPerm.jpg> </home/wagm/cort
es/Localdisk/Results/17_06/two_phases/08/sz_64nz10perm_0cp1/def_0_pod_0/cp.jpg>
] [14]
</home/wagm/cortes/Localdisk/Results/17_06/two_phases/07/sz_64nz1perm_1cp0/def_
0_pod_0/Solution.jpg, id=74, 866.45445pt x 500.33076pt>
File: /home/wagm/cortes/Localdisk/Results/17_06/two_phases/07/sz_64nz1perm_1cp0
/def_0_pod_0/Solution.jpg Graphic file (type jpg)

<use /home/wagm/cortes/Localdisk/Results/17_06/two_phases/07/sz_64nz1perm_1cp0/
def_0_pod_0/Solution.jpg>
Package pdftex.def Info: /home/wagm/cortes/Localdisk/Results/17_06/two_phases/0
7/sz_64nz1perm_1cp0/def_0_pod_0/Solution.jpg used on input line 635.
(pdftex.def)             Requested size: 284.52942pt x 164.3004pt.
 [15 </home/wagm/cortes/Localdisk/Results/17_06/two_phases/07/sz_64nz1perm_1cp0
/def_0_pod_0/Solution.jpg>]
</home/wagm/cortes/Localdisk/Results/17_06/two_phases/07/sz_64nz1perm_1cp1/def_
0_pod_0/Solution.jpg, id=78, 867.24pt x 501.12494pt>
File: /home/wagm/cortes/Localdisk/Results/17_06/two_phases/07/sz_64nz1perm_1cp1
/def_0_pod_0/Solution.jpg Graphic file (type jpg)

<use /home/wagm/cortes/Localdisk/Results/17_06/two_phases/07/sz_64nz1perm_1cp1/
def_0_pod_0/Solution.jpg>
Package pdftex.def Info: /home/wagm/cortes/Localdisk/Results/17_06/two_phases/0
7/sz_64nz1perm_1cp1/def_0_pod_0/Solution.jpg used on input line 690.
(pdftex.def)             Requested size: 284.52274pt x 164.40828pt.


LaTeX Warning: `!h' float specifier changed to `!ht'.

[16]
</home/wagm/cortes/Localdisk/Results/17_06/two_phases/08/sz_64nz10perm_1cp0/def
_0_pod_0/Solution.jpg, id=82, 864.09782pt x 453.4744pt>
File: /home/wagm/cortes/Localdisk/Results/17_06/two_phases/08/sz_64nz10perm_1cp
0/def_0_pod_0/Solution.jpg Graphic file (type jpg)

<use /home/wagm/cortes/Localdisk/Results/17_06/two_phases/08/sz_64nz10perm_1cp0
/def_0_pod_0/Solution.jpg>
Package pdftex.def Info: /home/wagm/cortes/Localdisk/Results/17_06/two_phases/0
8/sz_64nz10perm_1cp0/def_0_pod_0/Solution.jpg used on input line 742.
(pdftex.def)             Requested size: 284.52028pt x 149.31487pt.


LaTeX Warning: `!h' float specifier changed to `!ht'.

[17 </home/wagm/cortes/Localdisk/Results/17_06/two_phases/07/sz_64nz1perm_1cp1/
def_0_pod_0/Solution.jpg>]
File: /home/wagm/cortes/Localdisk/Results/17_06/two_phases/08/sz_64nz10perm_1cp
0/def_0_pod_0/Solution.jpg Graphic file (type jpg)

<use /home/wagm/cortes/Localdisk/Results/17_06/two_phases/08/sz_64nz10perm_1cp0
/def_0_pod_0/Solution.jpg>
Package pdftex.def Info: /home/wagm/cortes/Localdisk/Results/17_06/two_phases/0
8/sz_64nz10perm_1cp0/def_0_pod_0/Solution.jpg used on input line 795.
(pdftex.def)             Requested size: 284.52028pt x 149.31487pt.


LaTeX Warning: `!h' float specifier changed to `!ht'.


Overfull \hbox (9.07362pt too wide) in paragraph at lines 1064--1075
 [][] 
 []

[18 </home/wagm/cortes/Localdisk/Results/17_06/two_phases/08/sz_64nz10perm_1cp0
/def_0_pod_0/Solution.jpg>]

LaTeX Warning: Reference `fig:p3' on page 19 undefined on input line 1096.


LaTeX Warning: Reference `fig:sat3' on page 19 undefined on input line 1096.


LaTeX Warning: `!h' float specifier changed to `!ht'.


LaTeX Warning: Reference `fig:p3c' on page 19 undefined on input line 1312.


LaTeX Warning: Reference `fig:sat3c' on page 19 undefined on input line 1312.

[19]
Underfull \hbox (badness 10000) in paragraph at lines 1385--1399
[]  $[]$
 []


Underfull \hbox (badness 10000) in paragraph at lines 1385--1399

 []

[20]

LaTeX Warning: Reference `fig:p4' on page 21 undefined on input line 1463.

[21]

LaTeX Warning: Reference `fig:p3c' on page 22 undefined on input line 1519.


LaTeX Warning: Reference `fig:sat3c' on page 22 undefined on input line 1519.

[22]

Package natbib Warning: There were undefined citations.

(./report_06_02_imp.aux)

LaTeX Warning: There were undefined references.


LaTeX Warning: There were multiply-defined labels.

 ) 
Here is how much of TeX's memory you used:
 4593 strings out of 494409
 69841 string characters out of 6164778
 154180 words of memory out of 5000000
 7722 multiletter control sequences out of 15000+600000
 20015 words of font info for 83 fonts, out of 8000000 for 9000
 372 hyphenation exceptions out of 8191
 38i,13n,38p,837b,387s stack positions out of 5000i,500n,10000p,200000b,80000s
</usr/share/texlive/texmf-dist/fonts/type1/public/amsfonts/cm/cmbx10.pfb></us
r/share/texlive/texmf-dist/fonts/type1/public/amsfonts/cm/cmbx12.pfb></usr/shar
e/texlive/texmf-dist/fonts/type1/public/amsfonts/cm/cmbx7.pfb></usr/share/texli
ve/texmf-dist/fonts/type1/public/amsfonts/cm/cmbx8.pfb></usr/share/texlive/texm
f-dist/fonts/type1/public/amsfonts/cm/cmbxti10.pfb></usr/share/texlive/texmf-di
st/fonts/type1/public/amsfonts/cm/cmex10.pfb></usr/share/texlive/texmf-dist/fon
ts/type1/public/amsfonts/cm/cmmi10.pfb></usr/share/texlive/texmf-dist/fonts/typ
e1/public/amsfonts/cm/cmmi12.pfb></usr/share/texlive/texmf-dist/fonts/type1/pub
lic/amsfonts/cm/cmmi5.pfb></usr/share/texlive/texmf-dist/fonts/type1/public/ams
fonts/cm/cmmi6.pfb></usr/share/texlive/texmf-dist/fonts/type1/public/amsfonts/c
m/cmmi7.pfb></usr/share/texlive/texmf-dist/fonts/type1/public/amsfonts/cm/cmmi8
.pfb></usr/share/texlive/texmf-dist/fonts/type1/public/amsfonts/cm/cmr10.pfb></
usr/share/texlive/texmf-dist/fonts/type1/public/amsfonts/cm/cmr12.pfb></usr/sha
re/texlive/texmf-dist/fonts/type1/public/amsfonts/cm/cmr17.pfb></usr/share/texl
ive/texmf-dist/fonts/type1/public/amsfonts/cm/cmr6.pfb></usr/share/texlive/texm
f-dist/fonts/type1/public/amsfonts/cm/cmr7.pfb></usr/share/texlive/texmf-dist/f
onts/type1/public/amsfonts/cm/cmr8.pfb></usr/share/texlive/texmf-dist/fonts/typ
e1/public/amsfonts/cm/cmsy10.pfb></usr/share/texlive/texmf-dist/fonts/type1/pub
lic/amsfonts/cm/cmsy6.pfb></usr/share/texlive/texmf-dist/fonts/type1/public/ams
fonts/cm/cmsy8.pfb></usr/share/texlive/texmf-dist/fonts/type1/public/amsfonts/c
m/cmti12.pfb></usr/share/texlive/texmf-dist/fonts/type1/public/amsfonts/symbols
/msbm10.pfb></usr/share/texlive/texmf-dist/fonts/type1/public/rsfs/rsfs10.pfb>
Output written on report_06_02_imp.pdf (22 pages, 952963 bytes).
PDF statistics:
 178 PDF objects out of 1000 (max. 8388607)
 122 compressed objects within 2 object streams
 0 named destinations out of 1000 (max. 500000)
 31 words of extra memory for PDF output out of 10000 (max. 10000000)

